CRITICAL - 2023-12-02 04:05:45 --> Call to a member function view() on null
in APPPATH\Views\dashboard.php on line 32.
 1 SYSTEMPATH\View\View.php(228): include()
 2 SYSTEMPATH\View\View.php(231): CodeIgniter\View\View->CodeIgniter\View\{closure}()
 3 SYSTEMPATH\Common.php(1190): CodeIgniter\View\View->render('dashboard', [], true)
 4 APPPATH\Controllers\AdminHome.php(11): view('dashboard')
 5 SYSTEMPATH\CodeIgniter.php(942): App\Controllers\AdminHome->index()
 6 SYSTEMPATH\CodeIgniter.php(502): CodeIgniter\CodeIgniter->runController(Object(App\Controllers\AdminHome))
 7 SYSTEMPATH\CodeIgniter.php(361): CodeIgniter\CodeIgniter->handleRequest(null, Object(Config\Cache), false)
 8 FCPATH\index.php(79): CodeIgniter\CodeIgniter->run()
 9 SYSTEMPATH\Commands\Server\rewrite.php(47): require_once('H:\\xampp743\\htdocs\\wdpf55_ci\\ci_project1\\public\\index.php')
CRITICAL - 2023-12-02 04:07:10 --> Invalid file: "sidebar.php"
in SYSTEMPATH\Exceptions\FrameworkException.php on line 39.
 1 SYSTEMPATH\View\View.php(216): CodeIgniter\Exceptions\FrameworkException::forInvalidFile('sidebar.php')
 2 SYSTEMPATH\Common.php(1190): CodeIgniter\View\View->render('sidebar', [], true)
 3 APPPATH\Views\dashboard.php(32): view('sidebar')
 4 SYSTEMPATH\View\View.php(228): include('H:\\xampp743\\htdocs\\wdpf55_ci\\ci_project1\\app\\Views\\dashboard.php')
 5 SYSTEMPATH\View\View.php(231): CodeIgniter\View\View->CodeIgniter\View\{closure}()
 6 SYSTEMPATH\Common.php(1190): CodeIgniter\View\View->render('dashboard', [], true)
 7 APPPATH\Controllers\AdminHome.php(11): view('dashboard')
 8 SYSTEMPATH\CodeIgniter.php(942): App\Controllers\AdminHome->index()
 9 SYSTEMPATH\CodeIgniter.php(502): CodeIgniter\CodeIgniter->runController(Object(App\Controllers\AdminHome))
10 SYSTEMPATH\CodeIgniter.php(361): CodeIgniter\CodeIgniter->handleRequest(null, Object(Config\Cache), false)
11 FCPATH\index.php(79): CodeIgniter\CodeIgniter->run()
12 SYSTEMPATH\Commands\Server\rewrite.php(47): require_once('H:\\xampp743\\htdocs\\wdpf55_ci\\ci_project1\\public\\index.php')
CRITICAL - 2023-12-02 04:36:53 --> Invalid file: "products.php"
in SYSTEMPATH\Exceptions\FrameworkException.php on line 39.
 1 SYSTEMPATH\View\View.php(216): CodeIgniter\Exceptions\FrameworkException::forInvalidFile('products.php')
 2 SYSTEMPATH\Common.php(1190): CodeIgniter\View\View->render('products', [], true)
 3 APPPATH\Controllers\ProductController.php(11): view('products')
 4 SYSTEMPATH\CodeIgniter.php(942): App\Controllers\ProductController->index()
 5 SYSTEMPATH\CodeIgniter.php(502): CodeIgniter\CodeIgniter->runController(Object(App\Controllers\ProductController))
 6 SYSTEMPATH\CodeIgniter.php(361): CodeIgniter\CodeIgniter->handleRequest(null, Object(Config\Cache), false)
 7 FCPATH\index.php(79): CodeIgniter\CodeIgniter->run()
 8 SYSTEMPATH\Commands\Server\rewrite.php(47): require_once('H:\\xampp743\\htdocs\\wdpf55_ci\\ci_project1\\public\\index.php')
CRITICAL - 2023-12-02 04:40:50 --> Invalid file: "../includes/sidebar.php"
in SYSTEMPATH\Exceptions\FrameworkException.php on line 39.
 1 SYSTEMPATH\View\View.php(216): CodeIgniter\Exceptions\FrameworkException::forInvalidFile('../includes/sidebar.php')
 2 SYSTEMPATH\View\View.php(469): CodeIgniter\View\View->render('../includes/sidebar', null, true)
 3 APPPATH\Views\products\index.php(34): CodeIgniter\View\View->include('../includes/sidebar')
 4 SYSTEMPATH\View\View.php(228): include('H:\\xampp743\\htdocs\\wdpf55_ci\\ci_project1\\app\\Views\\products\\index.php')
 5 SYSTEMPATH\View\View.php(231): CodeIgniter\View\View->CodeIgniter\View\{closure}()
 6 SYSTEMPATH\Common.php(1190): CodeIgniter\View\View->render('products/index', [], true)
 7 APPPATH\Controllers\ProductController.php(11): view('products/index')
 8 SYSTEMPATH\CodeIgniter.php(942): App\Controllers\ProductController->index()
 9 SYSTEMPATH\CodeIgniter.php(502): CodeIgniter\CodeIgniter->runController(Object(App\Controllers\ProductController))
10 SYSTEMPATH\CodeIgniter.php(361): CodeIgniter\CodeIgniter->handleRequest(null, Object(Config\Cache), false)
11 FCPATH\index.php(79): CodeIgniter\CodeIgniter->run()
12 SYSTEMPATH\Commands\Server\rewrite.php(47): require_once('H:\\xampp743\\htdocs\\wdpf55_ci\\ci_project1\\public\\index.php')
CRITICAL - 2023-12-02 04:41:06 --> Invalid file: "../includes/sidebar.php"
in SYSTEMPATH\Exceptions\FrameworkException.php on line 39.
 1 SYSTEMPATH\View\View.php(216): CodeIgniter\Exceptions\FrameworkException::forInvalidFile('../includes/sidebar.php')
 2 SYSTEMPATH\View\View.php(469): CodeIgniter\View\View->render('../includes/sidebar', null, true)
 3 APPPATH\Views\products\index.php(34): CodeIgniter\View\View->include('../includes/sidebar')
 4 SYSTEMPATH\View\View.php(228): include('H:\\xampp743\\htdocs\\wdpf55_ci\\ci_project1\\app\\Views\\products\\index.php')
 5 SYSTEMPATH\View\View.php(231): CodeIgniter\View\View->CodeIgniter\View\{closure}()
 6 SYSTEMPATH\Common.php(1190): CodeIgniter\View\View->render('products/index', [], true)
 7 APPPATH\Controllers\ProductController.php(11): view('products/index')
 8 SYSTEMPATH\CodeIgniter.php(942): App\Controllers\ProductController->index()
 9 SYSTEMPATH\CodeIgniter.php(502): CodeIgniter\CodeIgniter->runController(Object(App\Controllers\ProductController))
10 SYSTEMPATH\CodeIgniter.php(361): CodeIgniter\CodeIgniter->handleRequest(null, Object(Config\Cache), false)
11 FCPATH\index.php(79): CodeIgniter\CodeIgniter->run()
12 SYSTEMPATH\Commands\Server\rewrite.php(47): require_once('H:\\xampp743\\htdocs\\wdpf55_ci\\ci_project1\\public\\index.php')
CRITICAL - 2023-12-02 04:46:03 --> Invalid file: "../includes/sidebar.php"
in SYSTEMPATH\Exceptions\FrameworkException.php on line 39.
 1 SYSTEMPATH\View\View.php(216): CodeIgniter\Exceptions\FrameworkException::forInvalidFile('../includes/sidebar.php')
 2 SYSTEMPATH\View\View.php(469): CodeIgniter\View\View->render('../includes/sidebar', null, true)
 3 APPPATH\Views\products\index.php(34): CodeIgniter\View\View->include('../includes/sidebar')
 4 SYSTEMPATH\View\View.php(228): include('H:\\xampp743\\htdocs\\wdpf55_ci\\ci_project1\\app\\Views\\products\\index.php')
 5 SYSTEMPATH\View\View.php(231): CodeIgniter\View\View->CodeIgniter\View\{closure}()
 6 SYSTEMPATH\Common.php(1190): CodeIgniter\View\View->render('products/index', [], true)
 7 APPPATH\Controllers\ProductController.php(11): view('products/index')
 8 SYSTEMPATH\CodeIgniter.php(942): App\Controllers\ProductController->index()
 9 SYSTEMPATH\CodeIgniter.php(502): CodeIgniter\CodeIgniter->runController(Object(App\Controllers\ProductController))
10 SYSTEMPATH\CodeIgniter.php(361): CodeIgniter\CodeIgniter->handleRequest(null, Object(Config\Cache), false)
11 FCPATH\index.php(79): CodeIgniter\CodeIgniter->run()
12 SYSTEMPATH\Commands\Server\rewrite.php(47): require_once('H:\\xampp743\\htdocs\\wdpf55_ci\\ci_project1\\public\\index.php')
CRITICAL - 2023-12-02 04:46:04 --> Invalid file: "../includes/sidebar.php"
in SYSTEMPATH\Exceptions\FrameworkException.php on line 39.
 1 SYSTEMPATH\View\View.php(216): CodeIgniter\Exceptions\FrameworkException::forInvalidFile('../includes/sidebar.php')
 2 SYSTEMPATH\View\View.php(469): CodeIgniter\View\View->render('../includes/sidebar', null, true)
 3 APPPATH\Views\products\index.php(34): CodeIgniter\View\View->include('../includes/sidebar')
 4 SYSTEMPATH\View\View.php(228): include('H:\\xampp743\\htdocs\\wdpf55_ci\\ci_project1\\app\\Views\\products\\index.php')
 5 SYSTEMPATH\View\View.php(231): CodeIgniter\View\View->CodeIgniter\View\{closure}()
 6 SYSTEMPATH\Common.php(1190): CodeIgniter\View\View->render('products/index', [], true)
 7 APPPATH\Controllers\ProductController.php(11): view('products/index')
 8 SYSTEMPATH\CodeIgniter.php(942): App\Controllers\ProductController->index()
 9 SYSTEMPATH\CodeIgniter.php(502): CodeIgniter\CodeIgniter->runController(Object(App\Controllers\ProductController))
10 SYSTEMPATH\CodeIgniter.php(361): CodeIgniter\CodeIgniter->handleRequest(null, Object(Config\Cache), false)
11 FCPATH\index.php(79): CodeIgniter\CodeIgniter->run()
12 SYSTEMPATH\Commands\Server\rewrite.php(47): require_once('H:\\xampp743\\htdocs\\wdpf55_ci\\ci_project1\\public\\index.php')
CRITICAL - 2023-12-02 06:06:31 --> Call to undefined method App\Models\ProductModel::getAll
in SYSTEMPATH\Model.php on line 873.
 1 APPPATH\Controllers\ProductController.php(21): CodeIgniter\Model->__call('getAll', [])
 2 SYSTEMPATH\CodeIgniter.php(942): App\Controllers\ProductController->index()
 3 SYSTEMPATH\CodeIgniter.php(502): CodeIgniter\CodeIgniter->runController(Object(App\Controllers\ProductController))
 4 SYSTEMPATH\CodeIgniter.php(361): CodeIgniter\CodeIgniter->handleRequest(null, Object(Config\Cache), false)
 5 FCPATH\index.php(79): CodeIgniter\CodeIgniter->run()
 6 SYSTEMPATH\Commands\Server\rewrite.php(47): require_once('H:\\xampp743\\htdocs\\wdpf55_ci\\ci_project1\\public\\index.php')
