CRITICAL - 2023-12-03 03:51:00 --> Invalid argument supplied for foreach()
in APPPATH\Views\products\create.php on line 86.
 1 APPPATH\Views\products\create.php(86): CodeIgniter\Debug\Exceptions->errorHandler(2, 'Invalid argument supplied for foreach()', 'H:\\xampp743\\htdocs\\wdpf55_ci\\ci_project1\\app\\Views\\products\\create.php', 86, [])
 2 SYSTEMPATH\View\View.php(228): include('H:\\xampp743\\htdocs\\wdpf55_ci\\ci_project1\\app\\Views\\products\\create.php')
 3 SYSTEMPATH\View\View.php(231): CodeIgniter\View\View->CodeIgniter\View\{closure}()
 4 SYSTEMPATH\Common.php(1190): CodeIgniter\View\View->render('products/create', [], true)
 5 APPPATH\Controllers\ProductController.php(29): view('products/create')
 6 SYSTEMPATH\CodeIgniter.php(942): App\Controllers\ProductController->create()
 7 SYSTEMPATH\CodeIgniter.php(502): CodeIgniter\CodeIgniter->runController(Object(App\Controllers\ProductController))
 8 SYSTEMPATH\CodeIgniter.php(361): CodeIgniter\CodeIgniter->handleRequest(null, Object(Config\Cache), false)
 9 FCPATH\index.php(79): CodeIgniter\CodeIgniter->run()
10 SYSTEMPATH\Commands\Server\rewrite.php(47): require_once('H:\\xampp743\\htdocs\\wdpf55_ci\\ci_project1\\public\\index.php')
CRITICAL - 2023-12-03 03:53:04 --> Invalid argument supplied for foreach()
in APPPATH\Views\products\create.php on line 86.
 1 APPPATH\Views\products\create.php(86): CodeIgniter\Debug\Exceptions->errorHandler(2, 'Invalid argument supplied for foreach()', 'H:\\xampp743\\htdocs\\wdpf55_ci\\ci_project1\\app\\Views\\products\\create.php', 86, [])
 2 SYSTEMPATH\View\View.php(228): include('H:\\xampp743\\htdocs\\wdpf55_ci\\ci_project1\\app\\Views\\products\\create.php')
 3 SYSTEMPATH\View\View.php(231): CodeIgniter\View\View->CodeIgniter\View\{closure}()
 4 SYSTEMPATH\Common.php(1190): CodeIgniter\View\View->render('products/create', [], true)
 5 APPPATH\Controllers\ProductController.php(29): view('products/create')
 6 SYSTEMPATH\CodeIgniter.php(942): App\Controllers\ProductController->create()
 7 SYSTEMPATH\CodeIgniter.php(502): CodeIgniter\CodeIgniter->runController(Object(App\Controllers\ProductController))
 8 SYSTEMPATH\CodeIgniter.php(361): CodeIgniter\CodeIgniter->handleRequest(null, Object(Config\Cache), false)
 9 FCPATH\index.php(79): CodeIgniter\CodeIgniter->run()
10 SYSTEMPATH\Commands\Server\rewrite.php(47): require_once('H:\\xampp743\\htdocs\\wdpf55_ci\\ci_project1\\public\\index.php')
CRITICAL - 2023-12-03 03:57:50 --> Invalid argument supplied for foreach()
in APPPATH\Views\products\create.php on line 86.
 1 APPPATH\Views\products\create.php(86): CodeIgniter\Debug\Exceptions->errorHandler(2, 'Invalid argument supplied for foreach()', 'H:\\xampp743\\htdocs\\wdpf55_ci\\ci_project1\\app\\Views\\products\\create.php', 86, [])
 2 SYSTEMPATH\View\View.php(228): include('H:\\xampp743\\htdocs\\wdpf55_ci\\ci_project1\\app\\Views\\products\\create.php')
 3 SYSTEMPATH\View\View.php(231): CodeIgniter\View\View->CodeIgniter\View\{closure}()
 4 SYSTEMPATH\Common.php(1190): CodeIgniter\View\View->render('products/create', [], true)
 5 APPPATH\Controllers\ProductController.php(29): view('products/create')
 6 SYSTEMPATH\CodeIgniter.php(942): App\Controllers\ProductController->create()
 7 SYSTEMPATH\CodeIgniter.php(502): CodeIgniter\CodeIgniter->runController(Object(App\Controllers\ProductController))
 8 SYSTEMPATH\CodeIgniter.php(361): CodeIgniter\CodeIgniter->handleRequest(null, Object(Config\Cache), false)
 9 FCPATH\index.php(79): CodeIgniter\CodeIgniter->run()
10 SYSTEMPATH\Commands\Server\rewrite.php(47): require_once('H:\\xampp743\\htdocs\\wdpf55_ci\\ci_project1\\public\\index.php')
CRITICAL - 2023-12-03 06:26:30 --> Call to undefined function set_value()
in APPPATH\Views\products\create.php on line 56.
 1 SYSTEMPATH\View\View.php(228): include()
 2 SYSTEMPATH\View\View.php(231): CodeIgniter\View\View->CodeIgniter\View\{closure}()
 3 SYSTEMPATH\Common.php(1190): CodeIgniter\View\View->render('products/create', [], true)
 4 APPPATH\Controllers\ProductController.php(46): view('products/create')
 5 SYSTEMPATH\CodeIgniter.php(942): App\Controllers\ProductController->store()
 6 SYSTEMPATH\CodeIgniter.php(502): CodeIgniter\CodeIgniter->runController(Object(App\Controllers\ProductController))
 7 SYSTEMPATH\CodeIgniter.php(361): CodeIgniter\CodeIgniter->handleRequest(null, Object(Config\Cache), false)
 8 FCPATH\index.php(79): CodeIgniter\CodeIgniter->run()
 9 SYSTEMPATH\Commands\Server\rewrite.php(47): require_once('H:\\xampp743\\htdocs\\wdpf55_ci\\ci_project1\\public\\index.php')
CRITICAL - 2023-12-03 07:03:31 --> Call to a member function getError() on null
in APPPATH\Views\products\create.php on line 54.
 1 SYSTEMPATH\View\View.php(228): include()
 2 SYSTEMPATH\View\View.php(231): CodeIgniter\View\View->CodeIgniter\View\{closure}()
 3 SYSTEMPATH\Common.php(1190): CodeIgniter\View\View->render('products/create', [], true)
 4 APPPATH\Controllers\ProductController.php(50): view('products/create')
 5 SYSTEMPATH\CodeIgniter.php(942): App\Controllers\ProductController->store()
 6 SYSTEMPATH\CodeIgniter.php(502): CodeIgniter\CodeIgniter->runController(Object(App\Controllers\ProductController))
 7 SYSTEMPATH\CodeIgniter.php(361): CodeIgniter\CodeIgniter->handleRequest(null, Object(Config\Cache), false)
 8 FCPATH\index.php(79): CodeIgniter\CodeIgniter->run()
 9 SYSTEMPATH\Commands\Server\rewrite.php(47): require_once('H:\\xampp743\\htdocs\\wdpf55_ci\\ci_project1\\public\\index.php')
CRITICAL - 2023-12-03 07:03:40 --> Call to a member function getError() on null
in APPPATH\Views\products\create.php on line 54.
 1 SYSTEMPATH\View\View.php(228): include()
 2 SYSTEMPATH\View\View.php(231): CodeIgniter\View\View->CodeIgniter\View\{closure}()
 3 SYSTEMPATH\Common.php(1190): CodeIgniter\View\View->render('products/create', [], true)
 4 APPPATH\Controllers\ProductController.php(29): view('products/create')
 5 SYSTEMPATH\CodeIgniter.php(942): App\Controllers\ProductController->create()
 6 SYSTEMPATH\CodeIgniter.php(502): CodeIgniter\CodeIgniter->runController(Object(App\Controllers\ProductController))
 7 SYSTEMPATH\CodeIgniter.php(361): CodeIgniter\CodeIgniter->handleRequest(null, Object(Config\Cache), false)
 8 FCPATH\index.php(79): CodeIgniter\CodeIgniter->run()
 9 SYSTEMPATH\Commands\Server\rewrite.php(47): require_once('H:\\xampp743\\htdocs\\wdpf55_ci\\ci_project1\\public\\index.php')
CRITICAL - 2023-12-03 07:04:49 --> Call to a member function getError() on null
in APPPATH\Views\products\create.php on line 54.
 1 SYSTEMPATH\View\View.php(228): include()
 2 SYSTEMPATH\View\View.php(231): CodeIgniter\View\View->CodeIgniter\View\{closure}()
 3 SYSTEMPATH\Common.php(1190): CodeIgniter\View\View->render('products/create', [], true)
 4 APPPATH\Controllers\ProductController.php(29): view('products/create')
 5 SYSTEMPATH\CodeIgniter.php(942): App\Controllers\ProductController->create()
 6 SYSTEMPATH\CodeIgniter.php(502): CodeIgniter\CodeIgniter->runController(Object(App\Controllers\ProductController))
 7 SYSTEMPATH\CodeIgniter.php(361): CodeIgniter\CodeIgniter->handleRequest(null, Object(Config\Cache), false)
 8 FCPATH\index.php(79): CodeIgniter\CodeIgniter->run()
 9 SYSTEMPATH\Commands\Server\rewrite.php(47): require_once('H:\\xampp743\\htdocs\\wdpf55_ci\\ci_project1\\public\\index.php')
CRITICAL - 2023-12-03 07:04:50 --> Call to a member function getError() on null
in APPPATH\Views\products\create.php on line 54.
 1 SYSTEMPATH\View\View.php(228): include()
 2 SYSTEMPATH\View\View.php(231): CodeIgniter\View\View->CodeIgniter\View\{closure}()
 3 SYSTEMPATH\Common.php(1190): CodeIgniter\View\View->render('products/create', [], true)
 4 APPPATH\Controllers\ProductController.php(29): view('products/create')
 5 SYSTEMPATH\CodeIgniter.php(942): App\Controllers\ProductController->create()
 6 SYSTEMPATH\CodeIgniter.php(502): CodeIgniter\CodeIgniter->runController(Object(App\Controllers\ProductController))
 7 SYSTEMPATH\CodeIgniter.php(361): CodeIgniter\CodeIgniter->handleRequest(null, Object(Config\Cache), false)
 8 FCPATH\index.php(79): CodeIgniter\CodeIgniter->run()
 9 SYSTEMPATH\Commands\Server\rewrite.php(47): require_once('H:\\xampp743\\htdocs\\wdpf55_ci\\ci_project1\\public\\index.php')
CRITICAL - 2023-12-03 07:04:50 --> Call to a member function getError() on null
in APPPATH\Views\products\create.php on line 54.
 1 SYSTEMPATH\View\View.php(228): include()
 2 SYSTEMPATH\View\View.php(231): CodeIgniter\View\View->CodeIgniter\View\{closure}()
 3 SYSTEMPATH\Common.php(1190): CodeIgniter\View\View->render('products/create', [], true)
 4 APPPATH\Controllers\ProductController.php(29): view('products/create')
 5 SYSTEMPATH\CodeIgniter.php(942): App\Controllers\ProductController->create()
 6 SYSTEMPATH\CodeIgniter.php(502): CodeIgniter\CodeIgniter->runController(Object(App\Controllers\ProductController))
 7 SYSTEMPATH\CodeIgniter.php(361): CodeIgniter\CodeIgniter->handleRequest(null, Object(Config\Cache), false)
 8 FCPATH\index.php(79): CodeIgniter\CodeIgniter->run()
 9 SYSTEMPATH\Commands\Server\rewrite.php(47): require_once('H:\\xampp743\\htdocs\\wdpf55_ci\\ci_project1\\public\\index.php')
CRITICAL - 2023-12-03 07:05:02 --> Call to a member function hasError() on null
in APPPATH\Views\products\create.php on line 58.
 1 SYSTEMPATH\View\View.php(228): include()
 2 SYSTEMPATH\View\View.php(231): CodeIgniter\View\View->CodeIgniter\View\{closure}()
 3 SYSTEMPATH\Common.php(1190): CodeIgniter\View\View->render('products/create', [], true)
 4 APPPATH\Controllers\ProductController.php(29): view('products/create')
 5 SYSTEMPATH\CodeIgniter.php(942): App\Controllers\ProductController->create()
 6 SYSTEMPATH\CodeIgniter.php(502): CodeIgniter\CodeIgniter->runController(Object(App\Controllers\ProductController))
 7 SYSTEMPATH\CodeIgniter.php(361): CodeIgniter\CodeIgniter->handleRequest(null, Object(Config\Cache), false)
 8 FCPATH\index.php(79): CodeIgniter\CodeIgniter->run()
 9 SYSTEMPATH\Commands\Server\rewrite.php(47): require_once('H:\\xampp743\\htdocs\\wdpf55_ci\\ci_project1\\public\\index.php')
CRITICAL - 2023-12-03 07:05:03 --> Call to a member function hasError() on null
in APPPATH\Views\products\create.php on line 58.
 1 SYSTEMPATH\View\View.php(228): include()
 2 SYSTEMPATH\View\View.php(231): CodeIgniter\View\View->CodeIgniter\View\{closure}()
 3 SYSTEMPATH\Common.php(1190): CodeIgniter\View\View->render('products/create', [], true)
 4 APPPATH\Controllers\ProductController.php(29): view('products/create')
 5 SYSTEMPATH\CodeIgniter.php(942): App\Controllers\ProductController->create()
 6 SYSTEMPATH\CodeIgniter.php(502): CodeIgniter\CodeIgniter->runController(Object(App\Controllers\ProductController))
 7 SYSTEMPATH\CodeIgniter.php(361): CodeIgniter\CodeIgniter->handleRequest(null, Object(Config\Cache), false)
 8 FCPATH\index.php(79): CodeIgniter\CodeIgniter->run()
 9 SYSTEMPATH\Commands\Server\rewrite.php(47): require_once('H:\\xampp743\\htdocs\\wdpf55_ci\\ci_project1\\public\\index.php')
CRITICAL - 2023-12-03 07:12:50 --> Call to undefined function form_error()
in APPPATH\Views\products\create.php on line 58.
 1 SYSTEMPATH\View\View.php(228): include()
 2 SYSTEMPATH\View\View.php(231): CodeIgniter\View\View->CodeIgniter\View\{closure}()
 3 SYSTEMPATH\Common.php(1190): CodeIgniter\View\View->render('products/create', [], true)
 4 APPPATH\Controllers\ProductController.php(29): view('products/create')
 5 SYSTEMPATH\CodeIgniter.php(942): App\Controllers\ProductController->create()
 6 SYSTEMPATH\CodeIgniter.php(502): CodeIgniter\CodeIgniter->runController(Object(App\Controllers\ProductController))
 7 SYSTEMPATH\CodeIgniter.php(361): CodeIgniter\CodeIgniter->handleRequest(null, Object(Config\Cache), false)
 8 FCPATH\index.php(79): CodeIgniter\CodeIgniter->run()
 9 SYSTEMPATH\Commands\Server\rewrite.php(47): require_once('H:\\xampp743\\htdocs\\wdpf55_ci\\ci_project1\\public\\index.php')
CRITICAL - 2023-12-03 07:14:05 --> Call to undefined function form_error()
in APPPATH\Views\products\create.php on line 58.
 1 SYSTEMPATH\View\View.php(228): include()
 2 SYSTEMPATH\View\View.php(231): CodeIgniter\View\View->CodeIgniter\View\{closure}()
 3 SYSTEMPATH\Common.php(1190): CodeIgniter\View\View->render('products/create', [], true)
 4 APPPATH\Controllers\ProductController.php(30): view('products/create')
 5 SYSTEMPATH\CodeIgniter.php(942): App\Controllers\ProductController->create()
 6 SYSTEMPATH\CodeIgniter.php(502): CodeIgniter\CodeIgniter->runController(Object(App\Controllers\ProductController))
 7 SYSTEMPATH\CodeIgniter.php(361): CodeIgniter\CodeIgniter->handleRequest(null, Object(Config\Cache), false)
 8 FCPATH\index.php(79): CodeIgniter\CodeIgniter->run()
 9 SYSTEMPATH\Commands\Server\rewrite.php(47): require_once('H:\\xampp743\\htdocs\\wdpf55_ci\\ci_project1\\public\\index.php')
CRITICAL - 2023-12-03 07:14:06 --> Call to undefined function form_error()
in APPPATH\Views\products\create.php on line 58.
 1 SYSTEMPATH\View\View.php(228): include()
 2 SYSTEMPATH\View\View.php(231): CodeIgniter\View\View->CodeIgniter\View\{closure}()
 3 SYSTEMPATH\Common.php(1190): CodeIgniter\View\View->render('products/create', [], true)
 4 APPPATH\Controllers\ProductController.php(30): view('products/create')
 5 SYSTEMPATH\CodeIgniter.php(942): App\Controllers\ProductController->create()
 6 SYSTEMPATH\CodeIgniter.php(502): CodeIgniter\CodeIgniter->runController(Object(App\Controllers\ProductController))
 7 SYSTEMPATH\CodeIgniter.php(361): CodeIgniter\CodeIgniter->handleRequest(null, Object(Config\Cache), false)
 8 FCPATH\index.php(79): CodeIgniter\CodeIgniter->run()
 9 SYSTEMPATH\Commands\Server\rewrite.php(47): require_once('H:\\xampp743\\htdocs\\wdpf55_ci\\ci_project1\\public\\index.php')
CRITICAL - 2023-12-03 07:16:10 --> Call to undefined function form_error()
in APPPATH\Views\products\create.php on line 58.
 1 SYSTEMPATH\View\View.php(228): include()
 2 SYSTEMPATH\View\View.php(231): CodeIgniter\View\View->CodeIgniter\View\{closure}()
 3 SYSTEMPATH\Common.php(1190): CodeIgniter\View\View->render('products/create', [], true)
 4 APPPATH\Controllers\ProductController.php(30): view('products/create')
 5 SYSTEMPATH\CodeIgniter.php(942): App\Controllers\ProductController->create()
 6 SYSTEMPATH\CodeIgniter.php(502): CodeIgniter\CodeIgniter->runController(Object(App\Controllers\ProductController))
 7 SYSTEMPATH\CodeIgniter.php(361): CodeIgniter\CodeIgniter->handleRequest(null, Object(Config\Cache), false)
 8 FCPATH\index.php(79): CodeIgniter\CodeIgniter->run()
 9 SYSTEMPATH\Commands\Server\rewrite.php(47): require_once('H:\\xampp743\\htdocs\\wdpf55_ci\\ci_project1\\public\\index.php')
