INFO - 2023-12-10 03:18:45 --> Session: Class initialized using 'CodeIgniter\Session\Handlers\FileHandler' driver.
INFO - 2023-12-10 03:18:46 --> Session: Class initialized using 'CodeIgniter\Session\Handlers\FileHandler' driver.
INFO - 2023-12-10 03:18:59 --> Session: Class initialized using 'CodeIgniter\Session\Handlers\FileHandler' driver.
INFO - 2023-12-10 03:19:00 --> Session: Class initialized using 'CodeIgniter\Session\Handlers\FileHandler' driver.
INFO - 2023-12-10 03:21:13 --> Session: Class initialized using 'CodeIgniter\Session\Handlers\FileHandler' driver.
INFO - 2023-12-10 03:21:29 --> Session: Class initialized using 'CodeIgniter\Session\Handlers\FileHandler' driver.
INFO - 2023-12-10 03:22:35 --> Session: Class initialized using 'CodeIgniter\Session\Handlers\FileHandler' driver.
INFO - 2023-12-10 03:22:47 --> Session: Class initialized using 'CodeIgniter\Session\Handlers\FileHandler' driver.
ERROR - 2023-12-10 03:36:49 --> mysqli_sql_exception: Unknown column 'category' in 'field list' in H:\xampp743\htdocs\wdpf55_ci\ci_project1\system\Database\MySQLi\Connection.php:306
Stack trace:
#0 H:\xampp743\htdocs\wdpf55_ci\ci_project1\system\Database\MySQLi\Connection.php(306): mysqli->query('INSERT INTO `pr...', 0)
#1 H:\xampp743\htdocs\wdpf55_ci\ci_project1\system\Database\BaseConnection.php(693): CodeIgniter\Database\MySQLi\Connection->execute('INSERT INTO `pr...')
#2 H:\xampp743\htdocs\wdpf55_ci\ci_project1\system\Database\BaseConnection.php(607): CodeIgniter\Database\BaseConnection->simpleQuery('INSERT INTO `pr...')
#3 H:\xampp743\htdocs\wdpf55_ci\ci_project1\system\Database\BaseBuilder.php(2308): CodeIgniter\Database\BaseConnection->query('INSERT INTO `pr...', Array, false)
#4 H:\xampp743\htdocs\wdpf55_ci\ci_project1\system\Model.php(319): CodeIgniter\Database\BaseBuilder->insert()
#5 H:\xampp743\htdocs\wdpf55_ci\ci_project1\system\BaseModel.php(788): CodeIgniter\Model->doInsert(Array)
#6 H:\xampp743\htdocs\wdpf55_ci\ci_project1\system\Model.php(715): CodeIgniter\BaseModel->insert(Array, true)
#7 H:\xampp743\htdocs\wdpf55_ci\ci_project1\app\Database\Seeds\ProductSeeder.php(23): CodeIgniter\Model->insert(Array)
#8 H:\xampp743\htdocs\wdpf55_ci\ci_project1\system\Database\Seeder.php(146): App\Database\Seeds\ProductSeeder->run()
#9 H:\xampp743\htdocs\wdpf55_ci\ci_project1\system\Commands\Database\Seed.php(77): CodeIgniter\Database\Seeder->call('App\\Database\\Se...')
#10 H:\xampp743\htdocs\wdpf55_ci\ci_project1\system\CLI\Commands.php(65): CodeIgniter\Commands\Database\Seed->run(Array)
#11 H:\xampp743\htdocs\wdpf55_ci\ci_project1\system\CLI\Console.php(46): CodeIgniter\CLI\Commands->run('db:seed', Array)
#12 H:\xampp743\htdocs\wdpf55_ci\ci_project1\spark(102): CodeIgniter\CLI\Console->run()
#13 {main}
ERROR - 2023-12-10 03:38:45 --> mysqli_sql_exception: Cannot add or update a child row: a foreign key constraint fails (`wdpf55_ci_project1`.`products`, CONSTRAINT `products_category_id_foreign` FOREIGN KEY (`category_id`) REFERENCES `category` (`id`) ON DELETE CASCADE ON UPDATE CASCADE) in H:\xampp743\htdocs\wdpf55_ci\ci_project1\system\Database\MySQLi\Connection.php:306
Stack trace:
#0 H:\xampp743\htdocs\wdpf55_ci\ci_project1\system\Database\MySQLi\Connection.php(306): mysqli->query('INSERT INTO `pr...', 0)
#1 H:\xampp743\htdocs\wdpf55_ci\ci_project1\system\Database\BaseConnection.php(693): CodeIgniter\Database\MySQLi\Connection->execute('INSERT INTO `pr...')
#2 H:\xampp743\htdocs\wdpf55_ci\ci_project1\system\Database\BaseConnection.php(607): CodeIgniter\Database\BaseConnection->simpleQuery('INSERT INTO `pr...')
#3 H:\xampp743\htdocs\wdpf55_ci\ci_project1\system\Database\BaseBuilder.php(2308): CodeIgniter\Database\BaseConnection->query('INSERT INTO `pr...', Array, false)
#4 H:\xampp743\htdocs\wdpf55_ci\ci_project1\system\Model.php(319): CodeIgniter\Database\BaseBuilder->insert()
#5 H:\xampp743\htdocs\wdpf55_ci\ci_project1\system\BaseModel.php(788): CodeIgniter\Model->doInsert(Array)
#6 H:\xampp743\htdocs\wdpf55_ci\ci_project1\system\Model.php(715): CodeIgniter\BaseModel->insert(Array, true)
#7 H:\xampp743\htdocs\wdpf55_ci\ci_project1\app\Database\Seeds\ProductSeeder.php(22): CodeIgniter\Model->insert(Array)
#8 H:\xampp743\htdocs\wdpf55_ci\ci_project1\system\Database\Seeder.php(146): App\Database\Seeds\ProductSeeder->run()
#9 H:\xampp743\htdocs\wdpf55_ci\ci_project1\system\Commands\Database\Seed.php(77): CodeIgniter\Database\Seeder->call('App\\Database\\Se...')
#10 H:\xampp743\htdocs\wdpf55_ci\ci_project1\system\CLI\Commands.php(65): CodeIgniter\Commands\Database\Seed->run(Array)
#11 H:\xampp743\htdocs\wdpf55_ci\ci_project1\system\CLI\Console.php(46): CodeIgniter\CLI\Commands->run('db:seed', Array)
#12 H:\xampp743\htdocs\wdpf55_ci\ci_project1\spark(102): CodeIgniter\CLI\Console->run()
#13 {main}
ERROR - 2023-12-10 03:40:42 --> mysqli_sql_exception: Cannot add or update a child row: a foreign key constraint fails (`wdpf55_ci_project1`.`products`, CONSTRAINT `products_category_id_foreign` FOREIGN KEY (`category_id`) REFERENCES `category` (`id`) ON DELETE CASCADE ON UPDATE CASCADE) in H:\xampp743\htdocs\wdpf55_ci\ci_project1\system\Database\MySQLi\Connection.php:306
Stack trace:
#0 H:\xampp743\htdocs\wdpf55_ci\ci_project1\system\Database\MySQLi\Connection.php(306): mysqli->query('INSERT INTO `pr...', 0)
#1 H:\xampp743\htdocs\wdpf55_ci\ci_project1\system\Database\BaseConnection.php(693): CodeIgniter\Database\MySQLi\Connection->execute('INSERT INTO `pr...')
#2 H:\xampp743\htdocs\wdpf55_ci\ci_project1\system\Database\BaseConnection.php(607): CodeIgniter\Database\BaseConnection->simpleQuery('INSERT INTO `pr...')
#3 H:\xampp743\htdocs\wdpf55_ci\ci_project1\system\Database\BaseBuilder.php(2308): CodeIgniter\Database\BaseConnection->query('INSERT INTO `pr...', Array, false)
#4 H:\xampp743\htdocs\wdpf55_ci\ci_project1\system\Model.php(319): CodeIgniter\Database\BaseBuilder->insert()
#5 H:\xampp743\htdocs\wdpf55_ci\ci_project1\system\BaseModel.php(788): CodeIgniter\Model->doInsert(Array)
#6 H:\xampp743\htdocs\wdpf55_ci\ci_project1\system\Model.php(715): CodeIgniter\BaseModel->insert(Array, true)
#7 H:\xampp743\htdocs\wdpf55_ci\ci_project1\app\Database\Seeds\ProductSeeder.php(22): CodeIgniter\Model->insert(Array)
#8 H:\xampp743\htdocs\wdpf55_ci\ci_project1\system\Database\Seeder.php(146): App\Database\Seeds\ProductSeeder->run()
#9 H:\xampp743\htdocs\wdpf55_ci\ci_project1\system\Commands\Database\Seed.php(77): CodeIgniter\Database\Seeder->call('App\\Database\\Se...')
#10 H:\xampp743\htdocs\wdpf55_ci\ci_project1\system\CLI\Commands.php(65): CodeIgniter\Commands\Database\Seed->run(Array)
#11 H:\xampp743\htdocs\wdpf55_ci\ci_project1\system\CLI\Console.php(46): CodeIgniter\CLI\Commands->run('db:seed', Array)
#12 H:\xampp743\htdocs\wdpf55_ci\ci_project1\spark(102): CodeIgniter\CLI\Console->run()
#13 {main}
ERROR - 2023-12-10 03:42:56 --> mysqli_sql_exception: Cannot add or update a child row: a foreign key constraint fails (`wdpf55_ci_project1`.`products`, CONSTRAINT `products_category_id_foreign` FOREIGN KEY (`category_id`) REFERENCES `category` (`id`) ON DELETE CASCADE ON UPDATE CASCADE) in H:\xampp743\htdocs\wdpf55_ci\ci_project1\system\Database\MySQLi\Connection.php:306
Stack trace:
#0 H:\xampp743\htdocs\wdpf55_ci\ci_project1\system\Database\MySQLi\Connection.php(306): mysqli->query('INSERT INTO `pr...', 0)
#1 H:\xampp743\htdocs\wdpf55_ci\ci_project1\system\Database\BaseConnection.php(693): CodeIgniter\Database\MySQLi\Connection->execute('INSERT INTO `pr...')
#2 H:\xampp743\htdocs\wdpf55_ci\ci_project1\system\Database\BaseConnection.php(607): CodeIgniter\Database\BaseConnection->simpleQuery('INSERT INTO `pr...')
#3 H:\xampp743\htdocs\wdpf55_ci\ci_project1\system\Database\BaseBuilder.php(2308): CodeIgniter\Database\BaseConnection->query('INSERT INTO `pr...', Array, false)
#4 H:\xampp743\htdocs\wdpf55_ci\ci_project1\system\Model.php(319): CodeIgniter\Database\BaseBuilder->insert()
#5 H:\xampp743\htdocs\wdpf55_ci\ci_project1\system\BaseModel.php(788): CodeIgniter\Model->doInsert(Array)
#6 H:\xampp743\htdocs\wdpf55_ci\ci_project1\system\Model.php(715): CodeIgniter\BaseModel->insert(Array, true)
#7 H:\xampp743\htdocs\wdpf55_ci\ci_project1\app\Database\Seeds\ProductSeeder.php(22): CodeIgniter\Model->insert(Array)
#8 H:\xampp743\htdocs\wdpf55_ci\ci_project1\system\Database\Seeder.php(146): App\Database\Seeds\ProductSeeder->run()
#9 H:\xampp743\htdocs\wdpf55_ci\ci_project1\system\Commands\Database\Seed.php(77): CodeIgniter\Database\Seeder->call('App\\Database\\Se...')
#10 H:\xampp743\htdocs\wdpf55_ci\ci_project1\system\CLI\Commands.php(65): CodeIgniter\Commands\Database\Seed->run(Array)
#11 H:\xampp743\htdocs\wdpf55_ci\ci_project1\system\CLI\Console.php(46): CodeIgniter\CLI\Commands->run('db:seed', Array)
#12 H:\xampp743\htdocs\wdpf55_ci\ci_project1\spark(102): CodeIgniter\CLI\Console->run()
#13 {main}
ERROR - 2023-12-10 03:45:27 --> mysqli_sql_exception: Cannot add or update a child row: a foreign key constraint fails (`wdpf55_ci_project1`.`products`, CONSTRAINT `products_category_id_foreign` FOREIGN KEY (`category_id`) REFERENCES `category` (`id`) ON DELETE CASCADE ON UPDATE CASCADE) in H:\xampp743\htdocs\wdpf55_ci\ci_project1\system\Database\MySQLi\Connection.php:306
Stack trace:
#0 H:\xampp743\htdocs\wdpf55_ci\ci_project1\system\Database\MySQLi\Connection.php(306): mysqli->query('INSERT INTO `pr...', 0)
#1 H:\xampp743\htdocs\wdpf55_ci\ci_project1\system\Database\BaseConnection.php(693): CodeIgniter\Database\MySQLi\Connection->execute('INSERT INTO `pr...')
#2 H:\xampp743\htdocs\wdpf55_ci\ci_project1\system\Database\BaseConnection.php(607): CodeIgniter\Database\BaseConnection->simpleQuery('INSERT INTO `pr...')
#3 H:\xampp743\htdocs\wdpf55_ci\ci_project1\system\Database\BaseBuilder.php(2308): CodeIgniter\Database\BaseConnection->query('INSERT INTO `pr...', Array, false)
#4 H:\xampp743\htdocs\wdpf55_ci\ci_project1\system\Model.php(319): CodeIgniter\Database\BaseBuilder->insert()
#5 H:\xampp743\htdocs\wdpf55_ci\ci_project1\system\BaseModel.php(788): CodeIgniter\Model->doInsert(Array)
#6 H:\xampp743\htdocs\wdpf55_ci\ci_project1\system\Model.php(715): CodeIgniter\BaseModel->insert(Array, true)
#7 H:\xampp743\htdocs\wdpf55_ci\ci_project1\app\Database\Seeds\ProductSeeder.php(22): CodeIgniter\Model->insert(Array)
#8 H:\xampp743\htdocs\wdpf55_ci\ci_project1\system\Database\Seeder.php(146): App\Database\Seeds\ProductSeeder->run()
#9 H:\xampp743\htdocs\wdpf55_ci\ci_project1\system\Commands\Database\Seed.php(77): CodeIgniter\Database\Seeder->call('App\\Database\\Se...')
#10 H:\xampp743\htdocs\wdpf55_ci\ci_project1\system\CLI\Commands.php(65): CodeIgniter\Commands\Database\Seed->run(Array)
#11 H:\xampp743\htdocs\wdpf55_ci\ci_project1\system\CLI\Console.php(46): CodeIgniter\CLI\Commands->run('db:seed', Array)
#12 H:\xampp743\htdocs\wdpf55_ci\ci_project1\spark(102): CodeIgniter\CLI\Console->run()
#13 {main}
INFO - 2023-12-10 03:48:17 --> Session: Class initialized using 'CodeIgniter\Session\Handlers\FileHandler' driver.
CRITICAL - 2023-12-10 03:48:17 --> Undefined index: product_id
in APPPATH\Views\products\index.php on line 98.
 1 APPPATH\Views\products\index.php(98): CodeIgniter\Debug\Exceptions->errorHandler(8, 'Undefined index: product_id', 'H:\\xampp743\\htdocs\\wdpf55_ci\\ci_project1\\app\\Views\\products\\index.php', 98, [...])
 2 SYSTEMPATH\View\View.php(228): include('H:\\xampp743\\htdocs\\wdpf55_ci\\ci_project1\\app\\Views\\products\\index.php')
 3 SYSTEMPATH\View\View.php(231): CodeIgniter\View\View->CodeIgniter\View\{closure}()
 4 SYSTEMPATH\Common.php(1190): CodeIgniter\View\View->render('products/index', [], true)
 5 APPPATH\Controllers\ProductController.php(25): view('products/index', [...])
 6 SYSTEMPATH\CodeIgniter.php(942): App\Controllers\ProductController->index()
 7 SYSTEMPATH\CodeIgniter.php(502): CodeIgniter\CodeIgniter->runController(Object(App\Controllers\ProductController))
 8 SYSTEMPATH\CodeIgniter.php(361): CodeIgniter\CodeIgniter->handleRequest(null, Object(Config\Cache), false)
 9 FCPATH\index.php(79): CodeIgniter\CodeIgniter->run()
10 SYSTEMPATH\Commands\Server\rewrite.php(47): require_once('H:\\xampp743\\htdocs\\wdpf55_ci\\ci_project1\\public\\index.php')
INFO - 2023-12-10 03:52:15 --> Session: Class initialized using 'CodeIgniter\Session\Handlers\FileHandler' driver.
CRITICAL - 2023-12-10 03:52:15 --> Undefined index: product_id
in APPPATH\Views\products\index.php on line 98.
 1 APPPATH\Views\products\index.php(98): CodeIgniter\Debug\Exceptions->errorHandler(8, 'Undefined index: product_id', 'H:\\xampp743\\htdocs\\wdpf55_ci\\ci_project1\\app\\Views\\products\\index.php', 98, [...])
 2 SYSTEMPATH\View\View.php(228): include('H:\\xampp743\\htdocs\\wdpf55_ci\\ci_project1\\app\\Views\\products\\index.php')
 3 SYSTEMPATH\View\View.php(231): CodeIgniter\View\View->CodeIgniter\View\{closure}()
 4 SYSTEMPATH\Common.php(1190): CodeIgniter\View\View->render('products/index', [], true)
 5 APPPATH\Controllers\ProductController.php(25): view('products/index', [...])
 6 SYSTEMPATH\CodeIgniter.php(942): App\Controllers\ProductController->index()
 7 SYSTEMPATH\CodeIgniter.php(502): CodeIgniter\CodeIgniter->runController(Object(App\Controllers\ProductController))
 8 SYSTEMPATH\CodeIgniter.php(361): CodeIgniter\CodeIgniter->handleRequest(null, Object(Config\Cache), false)
 9 FCPATH\index.php(79): CodeIgniter\CodeIgniter->run()
10 SYSTEMPATH\Commands\Server\rewrite.php(47): require_once('H:\\xampp743\\htdocs\\wdpf55_ci\\ci_project1\\public\\index.php')
INFO - 2023-12-10 03:53:42 --> Session: Class initialized using 'CodeIgniter\Session\Handlers\FileHandler' driver.
CRITICAL - 2023-12-10 03:53:42 --> Undefined index: category
in APPPATH\Views\products\index.php on line 100.
 1 APPPATH\Views\products\index.php(100): CodeIgniter\Debug\Exceptions->errorHandler(8, 'Undefined index: category', 'H:\\xampp743\\htdocs\\wdpf55_ci\\ci_project1\\app\\Views\\products\\index.php', 100, [...])
 2 SYSTEMPATH\View\View.php(228): include('H:\\xampp743\\htdocs\\wdpf55_ci\\ci_project1\\app\\Views\\products\\index.php')
 3 SYSTEMPATH\View\View.php(231): CodeIgniter\View\View->CodeIgniter\View\{closure}()
 4 SYSTEMPATH\Common.php(1190): CodeIgniter\View\View->render('products/index', [], true)
 5 APPPATH\Controllers\ProductController.php(25): view('products/index', [...])
 6 SYSTEMPATH\CodeIgniter.php(942): App\Controllers\ProductController->index()
 7 SYSTEMPATH\CodeIgniter.php(502): CodeIgniter\CodeIgniter->runController(Object(App\Controllers\ProductController))
 8 SYSTEMPATH\CodeIgniter.php(361): CodeIgniter\CodeIgniter->handleRequest(null, Object(Config\Cache), false)
 9 FCPATH\index.php(79): CodeIgniter\CodeIgniter->run()
10 SYSTEMPATH\Commands\Server\rewrite.php(47): require_once('H:\\xampp743\\htdocs\\wdpf55_ci\\ci_project1\\public\\index.php')
INFO - 2023-12-10 03:53:56 --> Session: Class initialized using 'CodeIgniter\Session\Handlers\FileHandler' driver.
CRITICAL - 2023-12-10 03:53:56 --> Undefined index: product_id
in APPPATH\Views\products\index.php on line 105.
 1 APPPATH\Views\products\index.php(105): CodeIgniter\Debug\Exceptions->errorHandler(8, 'Undefined index: product_id', 'H:\\xampp743\\htdocs\\wdpf55_ci\\ci_project1\\app\\Views\\products\\index.php', 105, [...])
 2 SYSTEMPATH\View\View.php(228): include('H:\\xampp743\\htdocs\\wdpf55_ci\\ci_project1\\app\\Views\\products\\index.php')
 3 SYSTEMPATH\View\View.php(231): CodeIgniter\View\View->CodeIgniter\View\{closure}()
 4 SYSTEMPATH\Common.php(1190): CodeIgniter\View\View->render('products/index', [], true)
 5 APPPATH\Controllers\ProductController.php(25): view('products/index', [...])
 6 SYSTEMPATH\CodeIgniter.php(942): App\Controllers\ProductController->index()
 7 SYSTEMPATH\CodeIgniter.php(502): CodeIgniter\CodeIgniter->runController(Object(App\Controllers\ProductController))
 8 SYSTEMPATH\CodeIgniter.php(361): CodeIgniter\CodeIgniter->handleRequest(null, Object(Config\Cache), false)
 9 FCPATH\index.php(79): CodeIgniter\CodeIgniter->run()
10 SYSTEMPATH\Commands\Server\rewrite.php(47): require_once('H:\\xampp743\\htdocs\\wdpf55_ci\\ci_project1\\public\\index.php')
INFO - 2023-12-10 03:54:15 --> Session: Class initialized using 'CodeIgniter\Session\Handlers\FileHandler' driver.
INFO - 2023-12-10 03:59:41 --> Session: Class initialized using 'CodeIgniter\Session\Handlers\FileHandler' driver.
INFO - 2023-12-10 04:04:28 --> Session: Class initialized using 'CodeIgniter\Session\Handlers\FileHandler' driver.
INFO - 2023-12-10 04:05:47 --> Session: Class initialized using 'CodeIgniter\Session\Handlers\FileHandler' driver.
INFO - 2023-12-10 04:06:24 --> Session: Class initialized using 'CodeIgniter\Session\Handlers\FileHandler' driver.
INFO - 2023-12-10 04:10:30 --> Session: Class initialized using 'CodeIgniter\Session\Handlers\FileHandler' driver.
INFO - 2023-12-10 04:12:12 --> Session: Class initialized using 'CodeIgniter\Session\Handlers\FileHandler' driver.
INFO - 2023-12-10 04:12:19 --> Session: Class initialized using 'CodeIgniter\Session\Handlers\FileHandler' driver.
INFO - 2023-12-10 04:18:30 --> Session: Class initialized using 'CodeIgniter\Session\Handlers\FileHandler' driver.
INFO - 2023-12-10 04:21:25 --> Session: Class initialized using 'CodeIgniter\Session\Handlers\FileHandler' driver.
CRITICAL - 2023-12-10 04:21:25 --> Array to string conversion
in APPPATH\Views\products\create.php on line 67.
 1 APPPATH\Views\products\create.php(67): CodeIgniter\Debug\Exceptions->errorHandler(8, 'Array to string conversion', 'H:\\xampp743\\htdocs\\wdpf55_ci\\ci_project1\\app\\Views\\products\\create.php', 67, [...])
 2 SYSTEMPATH\View\View.php(228): include('H:\\xampp743\\htdocs\\wdpf55_ci\\ci_project1\\app\\Views\\products\\create.php')
 3 SYSTEMPATH\View\View.php(231): CodeIgniter\View\View->CodeIgniter\View\{closure}()
 4 SYSTEMPATH\Common.php(1190): CodeIgniter\View\View->render('products/create', [], true)
 5 APPPATH\Controllers\ProductController.php(39): view('products/create', [...])
 6 SYSTEMPATH\CodeIgniter.php(942): App\Controllers\ProductController->create()
 7 SYSTEMPATH\CodeIgniter.php(502): CodeIgniter\CodeIgniter->runController(Object(App\Controllers\ProductController))
 8 SYSTEMPATH\CodeIgniter.php(361): CodeIgniter\CodeIgniter->handleRequest(null, Object(Config\Cache), false)
 9 FCPATH\index.php(79): CodeIgniter\CodeIgniter->run()
10 SYSTEMPATH\Commands\Server\rewrite.php(47): require_once('H:\\xampp743\\htdocs\\wdpf55_ci\\ci_project1\\public\\index.php')
INFO - 2023-12-10 04:22:42 --> Session: Class initialized using 'CodeIgniter\Session\Handlers\FileHandler' driver.
INFO - 2023-12-10 04:24:13 --> Session: Class initialized using 'CodeIgniter\Session\Handlers\FileHandler' driver.
INFO - 2023-12-10 04:24:32 --> Session: Class initialized using 'CodeIgniter\Session\Handlers\FileHandler' driver.
INFO - 2023-12-10 04:25:15 --> Session: Class initialized using 'CodeIgniter\Session\Handlers\FileHandler' driver.
INFO - 2023-12-10 04:56:32 --> Session: Class initialized using 'CodeIgniter\Session\Handlers\FileHandler' driver.
INFO - 2023-12-10 04:56:37 --> Session: Class initialized using 'CodeIgniter\Session\Handlers\FileHandler' driver.
INFO - 2023-12-10 04:57:23 --> Session: Class initialized using 'CodeIgniter\Session\Handlers\FileHandler' driver.
INFO - 2023-12-10 04:59:33 --> Session: Class initialized using 'CodeIgniter\Session\Handlers\FileHandler' driver.
ERROR - 2023-12-10 04:59:33 --> mysqli_sql_exception: Cannot add or update a child row: a foreign key constraint fails (`wdpf55_ci_project1`.`products`, CONSTRAINT `products_category_id_foreign` FOREIGN KEY (`category_id`) REFERENCES `category` (`id`) ON DELETE CASCADE ON UPDATE CASCADE) in H:\xampp743\htdocs\wdpf55_ci\ci_project1\system\Database\MySQLi\Connection.php:306
Stack trace:
#0 H:\xampp743\htdocs\wdpf55_ci\ci_project1\system\Database\MySQLi\Connection.php(306): mysqli->query('INSERT INTO `pr...', 0)
#1 H:\xampp743\htdocs\wdpf55_ci\ci_project1\system\Database\BaseConnection.php(693): CodeIgniter\Database\MySQLi\Connection->execute('INSERT INTO `pr...')
#2 H:\xampp743\htdocs\wdpf55_ci\ci_project1\system\Database\BaseConnection.php(607): CodeIgniter\Database\BaseConnection->simpleQuery('INSERT INTO `pr...')
#3 H:\xampp743\htdocs\wdpf55_ci\ci_project1\system\Database\BaseBuilder.php(2308): CodeIgniter\Database\BaseConnection->query('INSERT INTO `pr...', Array, false)
#4 H:\xampp743\htdocs\wdpf55_ci\ci_project1\system\Model.php(319): CodeIgniter\Database\BaseBuilder->insert()
#5 H:\xampp743\htdocs\wdpf55_ci\ci_project1\system\BaseModel.php(788): CodeIgniter\Model->doInsert(Array)
#6 H:\xampp743\htdocs\wdpf55_ci\ci_project1\system\Model.php(715): CodeIgniter\BaseModel->insert(Array, true)
#7 H:\xampp743\htdocs\wdpf55_ci\ci_project1\app\Controllers\ProductController.php(61): CodeIgniter\Model->insert(Array)
#8 H:\xampp743\htdocs\wdpf55_ci\ci_project1\system\CodeIgniter.php(942): App\Controllers\ProductController->store()
#9 H:\xampp743\htdocs\wdpf55_ci\ci_project1\system\CodeIgniter.php(502): CodeIgniter\CodeIgniter->runController(Object(App\Controllers\ProductController))
#10 H:\xampp743\htdocs\wdpf55_ci\ci_project1\system\CodeIgniter.php(361): CodeIgniter\CodeIgniter->handleRequest(NULL, Object(Config\Cache), false)
#11 H:\xampp743\htdocs\wdpf55_ci\ci_project1\public\index.php(79): CodeIgniter\CodeIgniter->run()
#12 H:\xampp743\htdocs\wdpf55_ci\ci_project1\system\Commands\Server\rewrite.php(47): require_once('H:\\xampp743\\htd...')
#13 {main}
CRITICAL - 2023-12-10 04:59:33 --> Cannot add or update a child row: a foreign key constraint fails (`wdpf55_ci_project1`.`products`, CONSTRAINT `products_category_id_foreign` FOREIGN KEY (`category_id`) REFERENCES `category` (`id`) ON DELETE CASCADE ON UPDATE CASCADE)
in SYSTEMPATH\Database\BaseConnection.php on line 647.
 1 SYSTEMPATH\Database\BaseBuilder.php(2308): CodeIgniter\Database\BaseConnection->query('INSERT INTO `products` (`price`, `sku`, `model`, `product`) VALUES (:price:, :sku:, :model:, :product:)', [...], false)
 2 SYSTEMPATH\Model.php(319): CodeIgniter\Database\BaseBuilder->insert()
 3 SYSTEMPATH\BaseModel.php(788): CodeIgniter\Model->doInsert([...])
 4 SYSTEMPATH\Model.php(715): CodeIgniter\BaseModel->insert([...], true)
 5 APPPATH\Controllers\ProductController.php(61): CodeIgniter\Model->insert([...])
 6 SYSTEMPATH\CodeIgniter.php(942): App\Controllers\ProductController->store()
 7 SYSTEMPATH\CodeIgniter.php(502): CodeIgniter\CodeIgniter->runController(Object(App\Controllers\ProductController))
 8 SYSTEMPATH\CodeIgniter.php(361): CodeIgniter\CodeIgniter->handleRequest(null, Object(Config\Cache), false)
 9 FCPATH\index.php(79): CodeIgniter\CodeIgniter->run()
10 SYSTEMPATH\Commands\Server\rewrite.php(47): require_once('H:\\xampp743\\htdocs\\wdpf55_ci\\ci_project1\\public\\index.php')
INFO - 2023-12-10 05:01:25 --> Session: Class initialized using 'CodeIgniter\Session\Handlers\FileHandler' driver.
INFO - 2023-12-10 05:01:33 --> Session: Class initialized using 'CodeIgniter\Session\Handlers\FileHandler' driver.
ERROR - 2023-12-10 05:01:33 --> mysqli_sql_exception: Cannot add or update a child row: a foreign key constraint fails (`wdpf55_ci_project1`.`products`, CONSTRAINT `products_category_id_foreign` FOREIGN KEY (`category_id`) REFERENCES `category` (`id`) ON DELETE CASCADE ON UPDATE CASCADE) in H:\xampp743\htdocs\wdpf55_ci\ci_project1\system\Database\MySQLi\Connection.php:306
Stack trace:
#0 H:\xampp743\htdocs\wdpf55_ci\ci_project1\system\Database\MySQLi\Connection.php(306): mysqli->query('INSERT INTO `pr...', 0)
#1 H:\xampp743\htdocs\wdpf55_ci\ci_project1\system\Database\BaseConnection.php(693): CodeIgniter\Database\MySQLi\Connection->execute('INSERT INTO `pr...')
#2 H:\xampp743\htdocs\wdpf55_ci\ci_project1\system\Database\BaseConnection.php(607): CodeIgniter\Database\BaseConnection->simpleQuery('INSERT INTO `pr...')
#3 H:\xampp743\htdocs\wdpf55_ci\ci_project1\system\Database\BaseBuilder.php(2308): CodeIgniter\Database\BaseConnection->query('INSERT INTO `pr...', Array, false)
#4 H:\xampp743\htdocs\wdpf55_ci\ci_project1\system\Model.php(319): CodeIgniter\Database\BaseBuilder->insert()
#5 H:\xampp743\htdocs\wdpf55_ci\ci_project1\system\BaseModel.php(788): CodeIgniter\Model->doInsert(Array)
#6 H:\xampp743\htdocs\wdpf55_ci\ci_project1\system\Model.php(715): CodeIgniter\BaseModel->insert(Array, true)
#7 H:\xampp743\htdocs\wdpf55_ci\ci_project1\app\Controllers\ProductController.php(61): CodeIgniter\Model->insert(Array)
#8 H:\xampp743\htdocs\wdpf55_ci\ci_project1\system\CodeIgniter.php(942): App\Controllers\ProductController->store()
#9 H:\xampp743\htdocs\wdpf55_ci\ci_project1\system\CodeIgniter.php(502): CodeIgniter\CodeIgniter->runController(Object(App\Controllers\ProductController))
#10 H:\xampp743\htdocs\wdpf55_ci\ci_project1\system\CodeIgniter.php(361): CodeIgniter\CodeIgniter->handleRequest(NULL, Object(Config\Cache), false)
#11 H:\xampp743\htdocs\wdpf55_ci\ci_project1\public\index.php(79): CodeIgniter\CodeIgniter->run()
#12 H:\xampp743\htdocs\wdpf55_ci\ci_project1\system\Commands\Server\rewrite.php(47): require_once('H:\\xampp743\\htd...')
#13 {main}
CRITICAL - 2023-12-10 05:01:33 --> Cannot add or update a child row: a foreign key constraint fails (`wdpf55_ci_project1`.`products`, CONSTRAINT `products_category_id_foreign` FOREIGN KEY (`category_id`) REFERENCES `category` (`id`) ON DELETE CASCADE ON UPDATE CASCADE)
in SYSTEMPATH\Database\BaseConnection.php on line 647.
 1 SYSTEMPATH\Database\BaseBuilder.php(2308): CodeIgniter\Database\BaseConnection->query('INSERT INTO `products` (`price`, `sku`, `model`, `product`) VALUES (:price:, :sku:, :model:, :product:)', [...], false)
 2 SYSTEMPATH\Model.php(319): CodeIgniter\Database\BaseBuilder->insert()
 3 SYSTEMPATH\BaseModel.php(788): CodeIgniter\Model->doInsert([...])
 4 SYSTEMPATH\Model.php(715): CodeIgniter\BaseModel->insert([...], true)
 5 APPPATH\Controllers\ProductController.php(61): CodeIgniter\Model->insert([...])
 6 SYSTEMPATH\CodeIgniter.php(942): App\Controllers\ProductController->store()
 7 SYSTEMPATH\CodeIgniter.php(502): CodeIgniter\CodeIgniter->runController(Object(App\Controllers\ProductController))
 8 SYSTEMPATH\CodeIgniter.php(361): CodeIgniter\CodeIgniter->handleRequest(null, Object(Config\Cache), false)
 9 FCPATH\index.php(79): CodeIgniter\CodeIgniter->run()
10 SYSTEMPATH\Commands\Server\rewrite.php(47): require_once('H:\\xampp743\\htdocs\\wdpf55_ci\\ci_project1\\public\\index.php')
INFO - 2023-12-10 05:02:19 --> Session: Class initialized using 'CodeIgniter\Session\Handlers\FileHandler' driver.
INFO - 2023-12-10 05:02:27 --> Session: Class initialized using 'CodeIgniter\Session\Handlers\FileHandler' driver.
ERROR - 2023-12-10 05:02:27 --> mysqli_sql_exception: Cannot add or update a child row: a foreign key constraint fails (`wdpf55_ci_project1`.`products`, CONSTRAINT `products_category_id_foreign` FOREIGN KEY (`category_id`) REFERENCES `category` (`id`) ON DELETE CASCADE ON UPDATE CASCADE) in H:\xampp743\htdocs\wdpf55_ci\ci_project1\system\Database\MySQLi\Connection.php:306
Stack trace:
#0 H:\xampp743\htdocs\wdpf55_ci\ci_project1\system\Database\MySQLi\Connection.php(306): mysqli->query('INSERT INTO `pr...', 0)
#1 H:\xampp743\htdocs\wdpf55_ci\ci_project1\system\Database\BaseConnection.php(693): CodeIgniter\Database\MySQLi\Connection->execute('INSERT INTO `pr...')
#2 H:\xampp743\htdocs\wdpf55_ci\ci_project1\system\Database\BaseConnection.php(607): CodeIgniter\Database\BaseConnection->simpleQuery('INSERT INTO `pr...')
#3 H:\xampp743\htdocs\wdpf55_ci\ci_project1\system\Database\BaseBuilder.php(2308): CodeIgniter\Database\BaseConnection->query('INSERT INTO `pr...', Array, false)
#4 H:\xampp743\htdocs\wdpf55_ci\ci_project1\system\Model.php(319): CodeIgniter\Database\BaseBuilder->insert()
#5 H:\xampp743\htdocs\wdpf55_ci\ci_project1\system\BaseModel.php(788): CodeIgniter\Model->doInsert(Array)
#6 H:\xampp743\htdocs\wdpf55_ci\ci_project1\system\Model.php(715): CodeIgniter\BaseModel->insert(Array, true)
#7 H:\xampp743\htdocs\wdpf55_ci\ci_project1\app\Controllers\ProductController.php(61): CodeIgniter\Model->insert(Array)
#8 H:\xampp743\htdocs\wdpf55_ci\ci_project1\system\CodeIgniter.php(942): App\Controllers\ProductController->store()
#9 H:\xampp743\htdocs\wdpf55_ci\ci_project1\system\CodeIgniter.php(502): CodeIgniter\CodeIgniter->runController(Object(App\Controllers\ProductController))
#10 H:\xampp743\htdocs\wdpf55_ci\ci_project1\system\CodeIgniter.php(361): CodeIgniter\CodeIgniter->handleRequest(NULL, Object(Config\Cache), false)
#11 H:\xampp743\htdocs\wdpf55_ci\ci_project1\public\index.php(79): CodeIgniter\CodeIgniter->run()
#12 H:\xampp743\htdocs\wdpf55_ci\ci_project1\system\Commands\Server\rewrite.php(47): require_once('H:\\xampp743\\htd...')
#13 {main}
CRITICAL - 2023-12-10 05:02:27 --> Cannot add or update a child row: a foreign key constraint fails (`wdpf55_ci_project1`.`products`, CONSTRAINT `products_category_id_foreign` FOREIGN KEY (`category_id`) REFERENCES `category` (`id`) ON DELETE CASCADE ON UPDATE CASCADE)
in SYSTEMPATH\Database\BaseConnection.php on line 647.
 1 SYSTEMPATH\Database\BaseBuilder.php(2308): CodeIgniter\Database\BaseConnection->query('INSERT INTO `products` (`price`, `sku`, `model`, `product`) VALUES (:price:, :sku:, :model:, :product:)', [...], false)
 2 SYSTEMPATH\Model.php(319): CodeIgniter\Database\BaseBuilder->insert()
 3 SYSTEMPATH\BaseModel.php(788): CodeIgniter\Model->doInsert([...])
 4 SYSTEMPATH\Model.php(715): CodeIgniter\BaseModel->insert([...], true)
 5 APPPATH\Controllers\ProductController.php(61): CodeIgniter\Model->insert([...])
 6 SYSTEMPATH\CodeIgniter.php(942): App\Controllers\ProductController->store()
 7 SYSTEMPATH\CodeIgniter.php(502): CodeIgniter\CodeIgniter->runController(Object(App\Controllers\ProductController))
 8 SYSTEMPATH\CodeIgniter.php(361): CodeIgniter\CodeIgniter->handleRequest(null, Object(Config\Cache), false)
 9 FCPATH\index.php(79): CodeIgniter\CodeIgniter->run()
10 SYSTEMPATH\Commands\Server\rewrite.php(47): require_once('H:\\xampp743\\htdocs\\wdpf55_ci\\ci_project1\\public\\index.php')
INFO - 2023-12-10 05:03:11 --> Session: Class initialized using 'CodeIgniter\Session\Handlers\FileHandler' driver.
INFO - 2023-12-10 05:03:13 --> Session: Class initialized using 'CodeIgniter\Session\Handlers\FileHandler' driver.
CRITICAL - 2023-12-10 05:03:13 --> Undefined variable: cats
in APPPATH\Views\products\create.php on line 66.
 1 APPPATH\Views\products\create.php(66): CodeIgniter\Debug\Exceptions->errorHandler(8, 'Undefined variable: cats', 'H:\\xampp743\\htdocs\\wdpf55_ci\\ci_project1\\app\\Views\\products\\create.php', 66, [])
 2 SYSTEMPATH\View\View.php(228): include('H:\\xampp743\\htdocs\\wdpf55_ci\\ci_project1\\app\\Views\\products\\create.php')
 3 SYSTEMPATH\View\View.php(231): CodeIgniter\View\View->CodeIgniter\View\{closure}()
 4 SYSTEMPATH\Common.php(1190): CodeIgniter\View\View->render('products/create', [], true)
 5 APPPATH\Controllers\ProductController.php(56): view('products/create')
 6 SYSTEMPATH\CodeIgniter.php(942): App\Controllers\ProductController->store()
 7 SYSTEMPATH\CodeIgniter.php(502): CodeIgniter\CodeIgniter->runController(Object(App\Controllers\ProductController))
 8 SYSTEMPATH\CodeIgniter.php(361): CodeIgniter\CodeIgniter->handleRequest(null, Object(Config\Cache), false)
 9 FCPATH\index.php(79): CodeIgniter\CodeIgniter->run()
10 SYSTEMPATH\Commands\Server\rewrite.php(47): require_once('H:\\xampp743\\htdocs\\wdpf55_ci\\ci_project1\\public\\index.php')
INFO - 2023-12-10 05:03:20 --> Session: Class initialized using 'CodeIgniter\Session\Handlers\FileHandler' driver.
INFO - 2023-12-10 05:03:28 --> Session: Class initialized using 'CodeIgniter\Session\Handlers\FileHandler' driver.
ERROR - 2023-12-10 05:03:28 --> mysqli_sql_exception: Cannot add or update a child row: a foreign key constraint fails (`wdpf55_ci_project1`.`products`, CONSTRAINT `products_category_id_foreign` FOREIGN KEY (`category_id`) REFERENCES `category` (`id`) ON DELETE CASCADE ON UPDATE CASCADE) in H:\xampp743\htdocs\wdpf55_ci\ci_project1\system\Database\MySQLi\Connection.php:306
Stack trace:
#0 H:\xampp743\htdocs\wdpf55_ci\ci_project1\system\Database\MySQLi\Connection.php(306): mysqli->query('INSERT INTO `pr...', 0)
#1 H:\xampp743\htdocs\wdpf55_ci\ci_project1\system\Database\BaseConnection.php(693): CodeIgniter\Database\MySQLi\Connection->execute('INSERT INTO `pr...')
#2 H:\xampp743\htdocs\wdpf55_ci\ci_project1\system\Database\BaseConnection.php(607): CodeIgniter\Database\BaseConnection->simpleQuery('INSERT INTO `pr...')
#3 H:\xampp743\htdocs\wdpf55_ci\ci_project1\system\Database\BaseBuilder.php(2308): CodeIgniter\Database\BaseConnection->query('INSERT INTO `pr...', Array, false)
#4 H:\xampp743\htdocs\wdpf55_ci\ci_project1\system\Model.php(319): CodeIgniter\Database\BaseBuilder->insert()
#5 H:\xampp743\htdocs\wdpf55_ci\ci_project1\system\BaseModel.php(788): CodeIgniter\Model->doInsert(Array)
#6 H:\xampp743\htdocs\wdpf55_ci\ci_project1\system\Model.php(715): CodeIgniter\BaseModel->insert(Array, true)
#7 H:\xampp743\htdocs\wdpf55_ci\ci_project1\app\Controllers\ProductController.php(61): CodeIgniter\Model->insert(Array)
#8 H:\xampp743\htdocs\wdpf55_ci\ci_project1\system\CodeIgniter.php(942): App\Controllers\ProductController->store()
#9 H:\xampp743\htdocs\wdpf55_ci\ci_project1\system\CodeIgniter.php(502): CodeIgniter\CodeIgniter->runController(Object(App\Controllers\ProductController))
#10 H:\xampp743\htdocs\wdpf55_ci\ci_project1\system\CodeIgniter.php(361): CodeIgniter\CodeIgniter->handleRequest(NULL, Object(Config\Cache), false)
#11 H:\xampp743\htdocs\wdpf55_ci\ci_project1\public\index.php(79): CodeIgniter\CodeIgniter->run()
#12 H:\xampp743\htdocs\wdpf55_ci\ci_project1\system\Commands\Server\rewrite.php(47): require_once('H:\\xampp743\\htd...')
#13 {main}
CRITICAL - 2023-12-10 05:03:28 --> Cannot add or update a child row: a foreign key constraint fails (`wdpf55_ci_project1`.`products`, CONSTRAINT `products_category_id_foreign` FOREIGN KEY (`category_id`) REFERENCES `category` (`id`) ON DELETE CASCADE ON UPDATE CASCADE)
in SYSTEMPATH\Database\BaseConnection.php on line 647.
 1 SYSTEMPATH\Database\BaseBuilder.php(2308): CodeIgniter\Database\BaseConnection->query('INSERT INTO `products` (`price`, `sku`, `model`, `product`) VALUES (:price:, :sku:, :model:, :product:)', [...], false)
 2 SYSTEMPATH\Model.php(319): CodeIgniter\Database\BaseBuilder->insert()
 3 SYSTEMPATH\BaseModel.php(788): CodeIgniter\Model->doInsert([...])
 4 SYSTEMPATH\Model.php(715): CodeIgniter\BaseModel->insert([...], true)
 5 APPPATH\Controllers\ProductController.php(61): CodeIgniter\Model->insert([...])
 6 SYSTEMPATH\CodeIgniter.php(942): App\Controllers\ProductController->store()
 7 SYSTEMPATH\CodeIgniter.php(502): CodeIgniter\CodeIgniter->runController(Object(App\Controllers\ProductController))
 8 SYSTEMPATH\CodeIgniter.php(361): CodeIgniter\CodeIgniter->handleRequest(null, Object(Config\Cache), false)
 9 FCPATH\index.php(79): CodeIgniter\CodeIgniter->run()
10 SYSTEMPATH\Commands\Server\rewrite.php(47): require_once('H:\\xampp743\\htdocs\\wdpf55_ci\\ci_project1\\public\\index.php')
INFO - 2023-12-10 05:13:33 --> Session: Class initialized using 'CodeIgniter\Session\Handlers\FileHandler' driver.
INFO - 2023-12-10 05:13:35 --> Session: Class initialized using 'CodeIgniter\Session\Handlers\FileHandler' driver.
CRITICAL - 2023-12-10 05:13:35 --> Undefined variable: cats
in APPPATH\Views\products\create.php on line 66.
 1 APPPATH\Views\products\create.php(66): CodeIgniter\Debug\Exceptions->errorHandler(8, 'Undefined variable: cats', 'H:\\xampp743\\htdocs\\wdpf55_ci\\ci_project1\\app\\Views\\products\\create.php', 66, [])
 2 SYSTEMPATH\View\View.php(228): include('H:\\xampp743\\htdocs\\wdpf55_ci\\ci_project1\\app\\Views\\products\\create.php')
 3 SYSTEMPATH\View\View.php(231): CodeIgniter\View\View->CodeIgniter\View\{closure}()
 4 SYSTEMPATH\Common.php(1190): CodeIgniter\View\View->render('products/create', [], true)
 5 APPPATH\Controllers\ProductController.php(56): view('products/create')
 6 SYSTEMPATH\CodeIgniter.php(942): App\Controllers\ProductController->store()
 7 SYSTEMPATH\CodeIgniter.php(502): CodeIgniter\CodeIgniter->runController(Object(App\Controllers\ProductController))
 8 SYSTEMPATH\CodeIgniter.php(361): CodeIgniter\CodeIgniter->handleRequest(null, Object(Config\Cache), false)
 9 FCPATH\index.php(79): CodeIgniter\CodeIgniter->run()
10 SYSTEMPATH\Commands\Server\rewrite.php(47): require_once('H:\\xampp743\\htdocs\\wdpf55_ci\\ci_project1\\public\\index.php')
INFO - 2023-12-10 05:13:38 --> Session: Class initialized using 'CodeIgniter\Session\Handlers\FileHandler' driver.
INFO - 2023-12-10 05:13:45 --> Session: Class initialized using 'CodeIgniter\Session\Handlers\FileHandler' driver.
ERROR - 2023-12-10 05:13:45 --> mysqli_sql_exception: Cannot add or update a child row: a foreign key constraint fails (`wdpf55_ci_project1`.`products`, CONSTRAINT `products_category_id_foreign` FOREIGN KEY (`category_id`) REFERENCES `category` (`id`) ON DELETE CASCADE ON UPDATE CASCADE) in H:\xampp743\htdocs\wdpf55_ci\ci_project1\system\Database\MySQLi\Connection.php:306
Stack trace:
#0 H:\xampp743\htdocs\wdpf55_ci\ci_project1\system\Database\MySQLi\Connection.php(306): mysqli->query('INSERT INTO `pr...', 0)
#1 H:\xampp743\htdocs\wdpf55_ci\ci_project1\system\Database\BaseConnection.php(693): CodeIgniter\Database\MySQLi\Connection->execute('INSERT INTO `pr...')
#2 H:\xampp743\htdocs\wdpf55_ci\ci_project1\system\Database\BaseConnection.php(607): CodeIgniter\Database\BaseConnection->simpleQuery('INSERT INTO `pr...')
#3 H:\xampp743\htdocs\wdpf55_ci\ci_project1\system\Database\BaseBuilder.php(2308): CodeIgniter\Database\BaseConnection->query('INSERT INTO `pr...', Array, false)
#4 H:\xampp743\htdocs\wdpf55_ci\ci_project1\system\Model.php(319): CodeIgniter\Database\BaseBuilder->insert()
#5 H:\xampp743\htdocs\wdpf55_ci\ci_project1\system\BaseModel.php(788): CodeIgniter\Model->doInsert(Array)
#6 H:\xampp743\htdocs\wdpf55_ci\ci_project1\system\Model.php(715): CodeIgniter\BaseModel->insert(Array, true)
#7 H:\xampp743\htdocs\wdpf55_ci\ci_project1\app\Controllers\ProductController.php(61): CodeIgniter\Model->insert(Array)
#8 H:\xampp743\htdocs\wdpf55_ci\ci_project1\system\CodeIgniter.php(942): App\Controllers\ProductController->store()
#9 H:\xampp743\htdocs\wdpf55_ci\ci_project1\system\CodeIgniter.php(502): CodeIgniter\CodeIgniter->runController(Object(App\Controllers\ProductController))
#10 H:\xampp743\htdocs\wdpf55_ci\ci_project1\system\CodeIgniter.php(361): CodeIgniter\CodeIgniter->handleRequest(NULL, Object(Config\Cache), false)
#11 H:\xampp743\htdocs\wdpf55_ci\ci_project1\public\index.php(79): CodeIgniter\CodeIgniter->run()
#12 H:\xampp743\htdocs\wdpf55_ci\ci_project1\system\Commands\Server\rewrite.php(47): require_once('H:\\xampp743\\htd...')
#13 {main}
CRITICAL - 2023-12-10 05:13:45 --> Cannot add or update a child row: a foreign key constraint fails (`wdpf55_ci_project1`.`products`, CONSTRAINT `products_category_id_foreign` FOREIGN KEY (`category_id`) REFERENCES `category` (`id`) ON DELETE CASCADE ON UPDATE CASCADE)
in SYSTEMPATH\Database\BaseConnection.php on line 647.
 1 SYSTEMPATH\Database\BaseBuilder.php(2308): CodeIgniter\Database\BaseConnection->query('INSERT INTO `products` (`price`, `sku`, `model`, `product`) VALUES (:price:, :sku:, :model:, :product:)', [...], false)
 2 SYSTEMPATH\Model.php(319): CodeIgniter\Database\BaseBuilder->insert()
 3 SYSTEMPATH\BaseModel.php(788): CodeIgniter\Model->doInsert([...])
 4 SYSTEMPATH\Model.php(715): CodeIgniter\BaseModel->insert([...], true)
 5 APPPATH\Controllers\ProductController.php(61): CodeIgniter\Model->insert([...])
 6 SYSTEMPATH\CodeIgniter.php(942): App\Controllers\ProductController->store()
 7 SYSTEMPATH\CodeIgniter.php(502): CodeIgniter\CodeIgniter->runController(Object(App\Controllers\ProductController))
 8 SYSTEMPATH\CodeIgniter.php(361): CodeIgniter\CodeIgniter->handleRequest(null, Object(Config\Cache), false)
 9 FCPATH\index.php(79): CodeIgniter\CodeIgniter->run()
10 SYSTEMPATH\Commands\Server\rewrite.php(47): require_once('H:\\xampp743\\htdocs\\wdpf55_ci\\ci_project1\\public\\index.php')
INFO - 2023-12-10 05:43:42 --> Session: Class initialized using 'CodeIgniter\Session\Handlers\FileHandler' driver.
INFO - 2023-12-10 05:43:45 --> Session: Class initialized using 'CodeIgniter\Session\Handlers\FileHandler' driver.
INFO - 2023-12-10 05:43:57 --> Session: Class initialized using 'CodeIgniter\Session\Handlers\FileHandler' driver.
INFO - 2023-12-10 05:44:08 --> Session: Class initialized using 'CodeIgniter\Session\Handlers\FileHandler' driver.
INFO - 2023-12-10 05:44:08 --> Session: Class initialized using 'CodeIgniter\Session\Handlers\FileHandler' driver.
INFO - 2023-12-10 05:45:02 --> Session: Class initialized using 'CodeIgniter\Session\Handlers\FileHandler' driver.
INFO - 2023-12-10 05:48:48 --> Session: Class initialized using 'CodeIgniter\Session\Handlers\FileHandler' driver.
INFO - 2023-12-10 05:48:56 --> Session: Class initialized using 'CodeIgniter\Session\Handlers\FileHandler' driver.
INFO - 2023-12-10 05:50:47 --> Session: Class initialized using 'CodeIgniter\Session\Handlers\FileHandler' driver.
INFO - 2023-12-10 05:50:54 --> Session: Class initialized using 'CodeIgniter\Session\Handlers\FileHandler' driver.
INFO - 2023-12-10 05:50:54 --> Session: Class initialized using 'CodeIgniter\Session\Handlers\FileHandler' driver.
INFO - 2023-12-10 05:54:48 --> Session: Class initialized using 'CodeIgniter\Session\Handlers\FileHandler' driver.
INFO - 2023-12-10 05:54:57 --> Session: Class initialized using 'CodeIgniter\Session\Handlers\FileHandler' driver.
INFO - 2023-12-10 05:54:57 --> Session: Class initialized using 'CodeIgniter\Session\Handlers\FileHandler' driver.
INFO - 2023-12-10 05:56:12 --> Session: Class initialized using 'CodeIgniter\Session\Handlers\FileHandler' driver.
INFO - 2023-12-10 05:56:22 --> Session: Class initialized using 'CodeIgniter\Session\Handlers\FileHandler' driver.
INFO - 2023-12-10 05:56:22 --> Session: Class initialized using 'CodeIgniter\Session\Handlers\FileHandler' driver.
INFO - 2023-12-10 05:56:50 --> Session: Class initialized using 'CodeIgniter\Session\Handlers\FileHandler' driver.
INFO - 2023-12-10 05:56:56 --> Session: Class initialized using 'CodeIgniter\Session\Handlers\FileHandler' driver.
CRITICAL - 2023-12-10 05:56:56 --> Undefined variable: cats
in APPPATH\Views\products\create.php on line 66.
 1 APPPATH\Views\products\create.php(66): CodeIgniter\Debug\Exceptions->errorHandler(8, 'Undefined variable: cats', 'H:\\xampp743\\htdocs\\wdpf55_ci\\ci_project1\\app\\Views\\products\\create.php', 66, [])
 2 SYSTEMPATH\View\View.php(228): include('H:\\xampp743\\htdocs\\wdpf55_ci\\ci_project1\\app\\Views\\products\\create.php')
 3 SYSTEMPATH\View\View.php(231): CodeIgniter\View\View->CodeIgniter\View\{closure}()
 4 SYSTEMPATH\Common.php(1190): CodeIgniter\View\View->render('products/create', [], true)
 5 APPPATH\Controllers\ProductController.php(59): view('products/create')
 6 SYSTEMPATH\CodeIgniter.php(942): App\Controllers\ProductController->store()
 7 SYSTEMPATH\CodeIgniter.php(502): CodeIgniter\CodeIgniter->runController(Object(App\Controllers\ProductController))
 8 SYSTEMPATH\CodeIgniter.php(361): CodeIgniter\CodeIgniter->handleRequest(null, Object(Config\Cache), false)
 9 FCPATH\index.php(79): CodeIgniter\CodeIgniter->run()
10 SYSTEMPATH\Commands\Server\rewrite.php(47): require_once('H:\\xampp743\\htdocs\\wdpf55_ci\\ci_project1\\public\\index.php')
INFO - 2023-12-10 05:56:59 --> Session: Class initialized using 'CodeIgniter\Session\Handlers\FileHandler' driver.
INFO - 2023-12-10 05:57:07 --> Session: Class initialized using 'CodeIgniter\Session\Handlers\FileHandler' driver.
INFO - 2023-12-10 05:57:08 --> Session: Class initialized using 'CodeIgniter\Session\Handlers\FileHandler' driver.
INFO - 2023-12-10 05:58:54 --> Session: Class initialized using 'CodeIgniter\Session\Handlers\FileHandler' driver.
INFO - 2023-12-10 05:59:03 --> Session: Class initialized using 'CodeIgniter\Session\Handlers\FileHandler' driver.
INFO - 2023-12-10 05:59:03 --> Session: Class initialized using 'CodeIgniter\Session\Handlers\FileHandler' driver.
