CRITICAL - 2023-12-06 04:27:51 --> Invalid file: "signup.php"
in SYSTEMPATH\Exceptions\FrameworkException.php on line 39.
 1 SYSTEMPATH\View\View.php(216): CodeIgniter\Exceptions\FrameworkException::forInvalidFile('signup.php')
 2 SYSTEMPATH\Common.php(1190): CodeIgniter\View\View->render('signup', [], true)
 3 APPPATH\Controllers\SignupController.php(17): view('signup', [])
 4 SYSTEMPATH\CodeIgniter.php(942): App\Controllers\SignupController->index()
 5 SYSTEMPATH\CodeIgniter.php(502): CodeIgniter\CodeIgniter->runController(Object(App\Controllers\SignupController))
 6 SYSTEMPATH\CodeIgniter.php(361): CodeIgniter\CodeIgniter->handleRequest(null, Object(Config\Cache), false)
 7 FCPATH\index.php(79): CodeIgniter\CodeIgniter->run()
 8 SYSTEMPATH\Commands\Server\rewrite.php(47): require_once('H:\\xampp743\\htdocs\\wdpf55_ci\\ci_project1\\public\\index.php')
INFO - 2023-12-06 04:56:40 --> Session: Class initialized using 'CodeIgniter\Session\Handlers\FileHandler' driver.
INFO - 2023-12-06 05:44:36 --> Session: Class initialized using 'CodeIgniter\Session\Handlers\FileHandler' driver.
CRITICAL - 2023-12-06 05:48:04 --> Undefined variable: validation
in APPPATH\Views\register.php on line 39.
 1 APPPATH\Views\register.php(39): CodeIgniter\Debug\Exceptions->errorHandler(8, 'Undefined variable: validation', 'H:\\xampp743\\htdocs\\wdpf55_ci\\ci_project1\\app\\Views\\register.php', 39, [])
 2 SYSTEMPATH\View\View.php(228): include('H:\\xampp743\\htdocs\\wdpf55_ci\\ci_project1\\app\\Views\\register.php')
 3 SYSTEMPATH\View\View.php(231): CodeIgniter\View\View->CodeIgniter\View\{closure}()
 4 SYSTEMPATH\Common.php(1190): CodeIgniter\View\View->render('register', [], true)
 5 APPPATH\Controllers\SignupController.php(17): view('register', [])
 6 SYSTEMPATH\CodeIgniter.php(942): App\Controllers\SignupController->index()
 7 SYSTEMPATH\CodeIgniter.php(502): CodeIgniter\CodeIgniter->runController(Object(App\Controllers\SignupController))
 8 SYSTEMPATH\CodeIgniter.php(361): CodeIgniter\CodeIgniter->handleRequest(null, Object(Config\Cache), false)
 9 FCPATH\index.php(79): CodeIgniter\CodeIgniter->run()
10 SYSTEMPATH\Commands\Server\rewrite.php(47): require_once('H:\\xampp743\\htdocs\\wdpf55_ci\\ci_project1\\public\\index.php')
CRITICAL - 2023-12-06 05:48:19 --> Undefined variable: validation
in APPPATH\Views\register.php on line 39.
 1 APPPATH\Views\register.php(39): CodeIgniter\Debug\Exceptions->errorHandler(8, 'Undefined variable: validation', 'H:\\xampp743\\htdocs\\wdpf55_ci\\ci_project1\\app\\Views\\register.php', 39, [])
 2 SYSTEMPATH\View\View.php(228): include('H:\\xampp743\\htdocs\\wdpf55_ci\\ci_project1\\app\\Views\\register.php')
 3 SYSTEMPATH\View\View.php(231): CodeIgniter\View\View->CodeIgniter\View\{closure}()
 4 SYSTEMPATH\Common.php(1190): CodeIgniter\View\View->render('register', [], true)
 5 APPPATH\Controllers\SignupController.php(17): view('register', [])
 6 SYSTEMPATH\CodeIgniter.php(942): App\Controllers\SignupController->index()
 7 SYSTEMPATH\CodeIgniter.php(502): CodeIgniter\CodeIgniter->runController(Object(App\Controllers\SignupController))
 8 SYSTEMPATH\CodeIgniter.php(361): CodeIgniter\CodeIgniter->handleRequest(null, Object(Config\Cache), false)
 9 FCPATH\index.php(79): CodeIgniter\CodeIgniter->run()
10 SYSTEMPATH\Commands\Server\rewrite.php(47): require_once('H:\\xampp743\\htdocs\\wdpf55_ci\\ci_project1\\public\\index.php')
CRITICAL - 2023-12-06 05:50:33 --> Call to undefined method CodeIgniter\Validation\Validation::Error()
in APPPATH\Views\register.php on line 52.
 1 SYSTEMPATH\View\View.php(228): include()
 2 SYSTEMPATH\View\View.php(231): CodeIgniter\View\View->CodeIgniter\View\{closure}()
 3 SYSTEMPATH\Common.php(1190): CodeIgniter\View\View->render('register', [], true)
 4 APPPATH\Controllers\SignupController.php(43): view('register', [...])
 5 SYSTEMPATH\CodeIgniter.php(942): App\Controllers\SignupController->store()
 6 SYSTEMPATH\CodeIgniter.php(502): CodeIgniter\CodeIgniter->runController(Object(App\Controllers\SignupController))
 7 SYSTEMPATH\CodeIgniter.php(361): CodeIgniter\CodeIgniter->handleRequest(null, Object(Config\Cache), false)
 8 FCPATH\index.php(79): CodeIgniter\CodeIgniter->run()
 9 SYSTEMPATH\Commands\Server\rewrite.php(47): require_once('H:\\xampp743\\htdocs\\wdpf55_ci\\ci_project1\\public\\index.php')
CRITICAL - 2023-12-06 05:51:05 --> Undefined variable: error
in APPPATH\Views\register.php on line 52.
 1 APPPATH\Views\register.php(52): CodeIgniter\Debug\Exceptions->errorHandler(8, 'Undefined variable: error', 'H:\\xampp743\\htdocs\\wdpf55_ci\\ci_project1\\app\\Views\\register.php', 52, [...])
 2 SYSTEMPATH\View\View.php(228): include('H:\\xampp743\\htdocs\\wdpf55_ci\\ci_project1\\app\\Views\\register.php')
 3 SYSTEMPATH\View\View.php(231): CodeIgniter\View\View->CodeIgniter\View\{closure}()
 4 SYSTEMPATH\Common.php(1190): CodeIgniter\View\View->render('register', [], true)
 5 APPPATH\Controllers\SignupController.php(43): view('register', [...])
 6 SYSTEMPATH\CodeIgniter.php(942): App\Controllers\SignupController->store()
 7 SYSTEMPATH\CodeIgniter.php(502): CodeIgniter\CodeIgniter->runController(Object(App\Controllers\SignupController))
 8 SYSTEMPATH\CodeIgniter.php(361): CodeIgniter\CodeIgniter->handleRequest(null, Object(Config\Cache), false)
 9 FCPATH\index.php(79): CodeIgniter\CodeIgniter->run()
10 SYSTEMPATH\Commands\Server\rewrite.php(47): require_once('H:\\xampp743\\htdocs\\wdpf55_ci\\ci_project1\\public\\index.php')
CRITICAL - 2023-12-06 05:51:35 --> Undefined variable: error
in APPPATH\Views\register.php on line 52.
 1 APPPATH\Views\register.php(52): CodeIgniter\Debug\Exceptions->errorHandler(8, 'Undefined variable: error', 'H:\\xampp743\\htdocs\\wdpf55_ci\\ci_project1\\app\\Views\\register.php', 52, [...])
 2 SYSTEMPATH\View\View.php(228): include('H:\\xampp743\\htdocs\\wdpf55_ci\\ci_project1\\app\\Views\\register.php')
 3 SYSTEMPATH\View\View.php(231): CodeIgniter\View\View->CodeIgniter\View\{closure}()
 4 SYSTEMPATH\Common.php(1190): CodeIgniter\View\View->render('register', [], true)
 5 APPPATH\Controllers\SignupController.php(43): view('register', [...])
 6 SYSTEMPATH\CodeIgniter.php(942): App\Controllers\SignupController->store()
 7 SYSTEMPATH\CodeIgniter.php(502): CodeIgniter\CodeIgniter->runController(Object(App\Controllers\SignupController))
 8 SYSTEMPATH\CodeIgniter.php(361): CodeIgniter\CodeIgniter->handleRequest(null, Object(Config\Cache), false)
 9 FCPATH\index.php(79): CodeIgniter\CodeIgniter->run()
10 SYSTEMPATH\Commands\Server\rewrite.php(47): require_once('H:\\xampp743\\htdocs\\wdpf55_ci\\ci_project1\\public\\index.php')
CRITICAL - 2023-12-06 05:54:25 --> Undefined variable: showError
in APPPATH\Views\register.php on line 52.
 1 APPPATH\Views\register.php(52): CodeIgniter\Debug\Exceptions->errorHandler(8, 'Undefined variable: showError', 'H:\\xampp743\\htdocs\\wdpf55_ci\\ci_project1\\app\\Views\\register.php', 52, [...])
 2 SYSTEMPATH\View\View.php(228): include('H:\\xampp743\\htdocs\\wdpf55_ci\\ci_project1\\app\\Views\\register.php')
 3 SYSTEMPATH\View\View.php(231): CodeIgniter\View\View->CodeIgniter\View\{closure}()
 4 SYSTEMPATH\Common.php(1190): CodeIgniter\View\View->render('register', [], true)
 5 APPPATH\Controllers\SignupController.php(43): view('register', [...])
 6 SYSTEMPATH\CodeIgniter.php(942): App\Controllers\SignupController->store()
 7 SYSTEMPATH\CodeIgniter.php(502): CodeIgniter\CodeIgniter->runController(Object(App\Controllers\SignupController))
 8 SYSTEMPATH\CodeIgniter.php(361): CodeIgniter\CodeIgniter->handleRequest(null, Object(Config\Cache), false)
 9 FCPATH\index.php(79): CodeIgniter\CodeIgniter->run()
10 SYSTEMPATH\Commands\Server\rewrite.php(47): require_once('H:\\xampp743\\htdocs\\wdpf55_ci\\ci_project1\\public\\index.php')
CRITICAL - 2023-12-06 05:55:37 --> Undefined variable: listErrors
in APPPATH\Views\register.php on line 52.
 1 APPPATH\Views\register.php(52): CodeIgniter\Debug\Exceptions->errorHandler(8, 'Undefined variable: listErrors', 'H:\\xampp743\\htdocs\\wdpf55_ci\\ci_project1\\app\\Views\\register.php', 52, [...])
 2 SYSTEMPATH\View\View.php(228): include('H:\\xampp743\\htdocs\\wdpf55_ci\\ci_project1\\app\\Views\\register.php')
 3 SYSTEMPATH\View\View.php(231): CodeIgniter\View\View->CodeIgniter\View\{closure}()
 4 SYSTEMPATH\Common.php(1190): CodeIgniter\View\View->render('register', [], true)
 5 APPPATH\Controllers\SignupController.php(43): view('register', [...])
 6 SYSTEMPATH\CodeIgniter.php(942): App\Controllers\SignupController->store()
 7 SYSTEMPATH\CodeIgniter.php(502): CodeIgniter\CodeIgniter->runController(Object(App\Controllers\SignupController))
 8 SYSTEMPATH\CodeIgniter.php(361): CodeIgniter\CodeIgniter->handleRequest(null, Object(Config\Cache), false)
 9 FCPATH\index.php(79): CodeIgniter\CodeIgniter->run()
10 SYSTEMPATH\Commands\Server\rewrite.php(47): require_once('H:\\xampp743\\htdocs\\wdpf55_ci\\ci_project1\\public\\index.php')
CRITICAL - 2023-12-06 05:55:53 --> "name" is not a valid Validation template.
in SYSTEMPATH\Validation\Validation.php on line 653.
 1 SYSTEMPATH\Validation\Validation.php(653): CodeIgniter\Validation\Exceptions\ValidationException::forInvalidTemplate('name')
 2 APPPATH\Views\register.php(52): CodeIgniter\Validation\Validation->listErrors('name')
 3 SYSTEMPATH\View\View.php(228): include('H:\\xampp743\\htdocs\\wdpf55_ci\\ci_project1\\app\\Views\\register.php')
 4 SYSTEMPATH\View\View.php(231): CodeIgniter\View\View->CodeIgniter\View\{closure}()
 5 SYSTEMPATH\Common.php(1190): CodeIgniter\View\View->render('register', [], true)
 6 APPPATH\Controllers\SignupController.php(43): view('register', [...])
 7 SYSTEMPATH\CodeIgniter.php(942): App\Controllers\SignupController->store()
 8 SYSTEMPATH\CodeIgniter.php(502): CodeIgniter\CodeIgniter->runController(Object(App\Controllers\SignupController))
 9 SYSTEMPATH\CodeIgniter.php(361): CodeIgniter\CodeIgniter->handleRequest(null, Object(Config\Cache), false)
10 FCPATH\index.php(79): CodeIgniter\CodeIgniter->run()
11 SYSTEMPATH\Commands\Server\rewrite.php(47): require_once('H:\\xampp743\\htdocs\\wdpf55_ci\\ci_project1\\public\\index.php')
CRITICAL - 2023-12-06 05:56:17 --> Call to undefined method CodeIgniter\Validation\Validation::listError()
in APPPATH\Views\register.php on line 52.
 1 SYSTEMPATH\View\View.php(228): include()
 2 SYSTEMPATH\View\View.php(231): CodeIgniter\View\View->CodeIgniter\View\{closure}()
 3 SYSTEMPATH\Common.php(1190): CodeIgniter\View\View->render('register', [], true)
 4 APPPATH\Controllers\SignupController.php(43): view('register', [...])
 5 SYSTEMPATH\CodeIgniter.php(942): App\Controllers\SignupController->store()
 6 SYSTEMPATH\CodeIgniter.php(502): CodeIgniter\CodeIgniter->runController(Object(App\Controllers\SignupController))
 7 SYSTEMPATH\CodeIgniter.php(361): CodeIgniter\CodeIgniter->handleRequest(null, Object(Config\Cache), false)
 8 FCPATH\index.php(79): CodeIgniter\CodeIgniter->run()
 9 SYSTEMPATH\Commands\Server\rewrite.php(47): require_once('H:\\xampp743\\htdocs\\wdpf55_ci\\ci_project1\\public\\index.php')
CRITICAL - 2023-12-06 05:58:42 --> "name" is not a valid Validation template.
in SYSTEMPATH\Validation\Validation.php on line 653.
 1 SYSTEMPATH\Validation\Validation.php(653): CodeIgniter\Validation\Exceptions\ValidationException::forInvalidTemplate('name')
 2 APPPATH\Views\register.php(52): CodeIgniter\Validation\Validation->listErrors('name')
 3 SYSTEMPATH\View\View.php(228): include('H:\\xampp743\\htdocs\\wdpf55_ci\\ci_project1\\app\\Views\\register.php')
 4 SYSTEMPATH\View\View.php(231): CodeIgniter\View\View->CodeIgniter\View\{closure}()
 5 SYSTEMPATH\Common.php(1190): CodeIgniter\View\View->render('register', [], true)
 6 APPPATH\Controllers\SignupController.php(43): view('register', [...])
 7 SYSTEMPATH\CodeIgniter.php(942): App\Controllers\SignupController->store()
 8 SYSTEMPATH\CodeIgniter.php(502): CodeIgniter\CodeIgniter->runController(Object(App\Controllers\SignupController))
 9 SYSTEMPATH\CodeIgniter.php(361): CodeIgniter\CodeIgniter->handleRequest(null, Object(Config\Cache), false)
10 FCPATH\index.php(79): CodeIgniter\CodeIgniter->run()
11 SYSTEMPATH\Commands\Server\rewrite.php(47): require_once('H:\\xampp743\\htdocs\\wdpf55_ci\\ci_project1\\public\\index.php')
INFO - 2023-12-06 06:10:12 --> Session: Class initialized using 'CodeIgniter\Session\Handlers\FileHandler' driver.
CRITICAL - 2023-12-06 06:12:50 --> Undefined variable: validation
in APPPATH\Views\register.php on line 40.
 1 APPPATH\Views\register.php(40): CodeIgniter\Debug\Exceptions->errorHandler(8, 'Undefined variable: validation', 'H:\\xampp743\\htdocs\\wdpf55_ci\\ci_project1\\app\\Views\\register.php', 40, [])
 2 SYSTEMPATH\View\View.php(228): include('H:\\xampp743\\htdocs\\wdpf55_ci\\ci_project1\\app\\Views\\register.php')
 3 SYSTEMPATH\View\View.php(231): CodeIgniter\View\View->CodeIgniter\View\{closure}()
 4 SYSTEMPATH\Common.php(1190): CodeIgniter\View\View->render('register', [], true)
 5 APPPATH\Controllers\SignupController.php(17): view('register', [])
 6 SYSTEMPATH\CodeIgniter.php(942): App\Controllers\SignupController->index()
 7 SYSTEMPATH\CodeIgniter.php(502): CodeIgniter\CodeIgniter->runController(Object(App\Controllers\SignupController))
 8 SYSTEMPATH\CodeIgniter.php(361): CodeIgniter\CodeIgniter->handleRequest(null, Object(Config\Cache), false)
 9 FCPATH\index.php(79): CodeIgniter\CodeIgniter->run()
10 SYSTEMPATH\Commands\Server\rewrite.php(47): require_once('H:\\xampp743\\htdocs\\wdpf55_ci\\ci_project1\\public\\index.php')
CRITICAL - 2023-12-06 06:14:30 --> Undefined variable: validation
in APPPATH\Views\register.php on line 40.
 1 APPPATH\Views\register.php(40): CodeIgniter\Debug\Exceptions->errorHandler(8, 'Undefined variable: validation', 'H:\\xampp743\\htdocs\\wdpf55_ci\\ci_project1\\app\\Views\\register.php', 40, [])
 2 SYSTEMPATH\View\View.php(228): include('H:\\xampp743\\htdocs\\wdpf55_ci\\ci_project1\\app\\Views\\register.php')
 3 SYSTEMPATH\View\View.php(231): CodeIgniter\View\View->CodeIgniter\View\{closure}()
 4 SYSTEMPATH\Common.php(1190): CodeIgniter\View\View->render('register', [], true)
 5 APPPATH\Controllers\SignupController.php(17): view('register', [])
 6 SYSTEMPATH\CodeIgniter.php(942): App\Controllers\SignupController->index()
 7 SYSTEMPATH\CodeIgniter.php(502): CodeIgniter\CodeIgniter->runController(Object(App\Controllers\SignupController))
 8 SYSTEMPATH\CodeIgniter.php(361): CodeIgniter\CodeIgniter->handleRequest(null, Object(Config\Cache), false)
 9 FCPATH\index.php(79): CodeIgniter\CodeIgniter->run()
10 SYSTEMPATH\Commands\Server\rewrite.php(47): require_once('H:\\xampp743\\htdocs\\wdpf55_ci\\ci_project1\\public\\index.php')
CRITICAL - 2023-12-06 06:16:03 --> Undefined property: CodeIgniter\Validation\Validation::$listErrors
in APPPATH\Views\register.php on line 41.
 1 APPPATH\Views\register.php(41): CodeIgniter\Debug\Exceptions->errorHandler(8, 'Undefined property: CodeIgniter\\Validation\\Validation::$listErrors', 'H:\\xampp743\\htdocs\\wdpf55_ci\\ci_project1\\app\\Views\\register.php', 41, [...])
 2 SYSTEMPATH\View\View.php(228): include('H:\\xampp743\\htdocs\\wdpf55_ci\\ci_project1\\app\\Views\\register.php')
 3 SYSTEMPATH\View\View.php(231): CodeIgniter\View\View->CodeIgniter\View\{closure}()
 4 SYSTEMPATH\Common.php(1190): CodeIgniter\View\View->render('register', [], true)
 5 APPPATH\Controllers\SignupController.php(43): view('register', [...])
 6 SYSTEMPATH\CodeIgniter.php(942): App\Controllers\SignupController->store()
 7 SYSTEMPATH\CodeIgniter.php(502): CodeIgniter\CodeIgniter->runController(Object(App\Controllers\SignupController))
 8 SYSTEMPATH\CodeIgniter.php(361): CodeIgniter\CodeIgniter->handleRequest(null, Object(Config\Cache), false)
 9 FCPATH\index.php(79): CodeIgniter\CodeIgniter->run()
10 SYSTEMPATH\Commands\Server\rewrite.php(47): require_once('H:\\xampp743\\htdocs\\wdpf55_ci\\ci_project1\\public\\index.php')
CRITICAL - 2023-12-06 06:16:48 --> Undefined property: CodeIgniter\Validation\Validation::$list_errors
in APPPATH\Views\register.php on line 41.
 1 APPPATH\Views\register.php(41): CodeIgniter\Debug\Exceptions->errorHandler(8, 'Undefined property: CodeIgniter\\Validation\\Validation::$list_errors', 'H:\\xampp743\\htdocs\\wdpf55_ci\\ci_project1\\app\\Views\\register.php', 41, [...])
 2 SYSTEMPATH\View\View.php(228): include('H:\\xampp743\\htdocs\\wdpf55_ci\\ci_project1\\app\\Views\\register.php')
 3 SYSTEMPATH\View\View.php(231): CodeIgniter\View\View->CodeIgniter\View\{closure}()
 4 SYSTEMPATH\Common.php(1190): CodeIgniter\View\View->render('register', [], true)
 5 APPPATH\Controllers\SignupController.php(43): view('register', [...])
 6 SYSTEMPATH\CodeIgniter.php(942): App\Controllers\SignupController->store()
 7 SYSTEMPATH\CodeIgniter.php(502): CodeIgniter\CodeIgniter->runController(Object(App\Controllers\SignupController))
 8 SYSTEMPATH\CodeIgniter.php(361): CodeIgniter\CodeIgniter->handleRequest(null, Object(Config\Cache), false)
 9 FCPATH\index.php(79): CodeIgniter\CodeIgniter->run()
10 SYSTEMPATH\Commands\Server\rewrite.php(47): require_once('H:\\xampp743\\htdocs\\wdpf55_ci\\ci_project1\\public\\index.php')
