CRITICAL - 2023-11-30 07:11:47 --> The framework needs the following extension(s) installed and loaded: intl.
in SYSTEMPATH\CodeIgniter.php on line 252.
 1 SYSTEMPATH\CodeIgniter.php(252): CodeIgniter\Exceptions\FrameworkException::forMissingExtension('intl')
 2 SYSTEMPATH\CodeIgniter.php(214): CodeIgniter\CodeIgniter->resolvePlatformExtensions()
 3 ROOTPATH\spark(88): CodeIgniter\CodeIgniter->initialize()
CRITICAL - 2023-11-30 07:11:47 --> Uncaught Error: Class 'Locale' not found in H:\xampp743\htdocs\wdpf55_ci\ci_project1\system\I18n\TimeTrait.php:74
Stack trace:
#0 H:\xampp743\htdocs\wdpf55_ci\ci_project1\system\I18n\TimeTrait.php(115): CodeIgniter\I18n\Time->__construct(NULL, NULL, NULL)
#1 H:\xampp743\htdocs\wdpf55_ci\ci_project1\system\HTTP\ResponseTrait.php(468): CodeIgniter\I18n\Time::now()
#2 H:\xampp743\htdocs\wdpf55_ci\ci_project1\system\HTTP\ResponseTrait.php(446): CodeIgniter\HTTP\Response->sendHeaders()
#3 H:\xampp743\htdocs\wdpf55_ci\ci_project1\system\Debug\ExceptionHandler.php(81): CodeIgniter\HTTP\Response->send()
#4 H:\xampp743\htdocs\wdpf55_ci\ci_project1\system\Debug\Exceptions.php(149): CodeIgniter\Debug\ExceptionHandler->handle(Object(CodeIgniter\Exceptions\FrameworkException), Object(CodeIgniter\HTTP\IncomingRequest), Object(CodeIgniter\HTTP\Response), 500, 1)
#5 [internal function]: CodeIgniter\Debug\Exceptions->exceptionHandler(Object(CodeIgniter\Exceptions\FrameworkException))
#6 {main}
  thrown
【Previous Exception】
CodeIgniter\Exceptions\FrameworkException
The framework needs the following extension(s) installed and loaded: intl.
#0 H:\xampp743\htdocs\wdpf55_ci\ci_project1\system\CodeIgniter.php(252): CodeIgniter\Exceptions\FrameworkException::forMissingExtension('intl')
#1 H:\xampp743\htdocs\wdpf55_ci\ci_project1\system\CodeIgniter.php(214): CodeIgniter\CodeIgniter->resolvePlatformExtensions()
#2 H:\xampp743\htdocs\wdpf55_ci\ci_project1\spark(88): CodeIgniter\CodeIgniter->initialize()
#3 {main}
in SYSTEMPATH\I18n\TimeTrait.php on line 74.
 1 [internal function]: CodeIgniter\Debug\Exceptions->shutdownHandler()
CRITICAL - 2023-11-30 07:12:41 --> The framework needs the following extension(s) installed and loaded: intl.
in SYSTEMPATH\CodeIgniter.php on line 252.
 1 SYSTEMPATH\CodeIgniter.php(252): CodeIgniter\Exceptions\FrameworkException::forMissingExtension('intl')
 2 SYSTEMPATH\CodeIgniter.php(214): CodeIgniter\CodeIgniter->resolvePlatformExtensions()
 3 ROOTPATH\spark(88): CodeIgniter\CodeIgniter->initialize()
CRITICAL - 2023-11-30 07:12:41 --> Uncaught Error: Class 'Locale' not found in H:\xampp743\htdocs\wdpf55_ci\ci_project1\system\I18n\TimeTrait.php:74
Stack trace:
#0 H:\xampp743\htdocs\wdpf55_ci\ci_project1\system\I18n\TimeTrait.php(115): CodeIgniter\I18n\Time->__construct(NULL, NULL, NULL)
#1 H:\xampp743\htdocs\wdpf55_ci\ci_project1\system\HTTP\ResponseTrait.php(468): CodeIgniter\I18n\Time::now()
#2 H:\xampp743\htdocs\wdpf55_ci\ci_project1\system\HTTP\ResponseTrait.php(446): CodeIgniter\HTTP\Response->sendHeaders()
#3 H:\xampp743\htdocs\wdpf55_ci\ci_project1\system\Debug\ExceptionHandler.php(81): CodeIgniter\HTTP\Response->send()
#4 H:\xampp743\htdocs\wdpf55_ci\ci_project1\system\Debug\Exceptions.php(149): CodeIgniter\Debug\ExceptionHandler->handle(Object(CodeIgniter\Exceptions\FrameworkException), Object(CodeIgniter\HTTP\IncomingRequest), Object(CodeIgniter\HTTP\Response), 500, 1)
#5 [internal function]: CodeIgniter\Debug\Exceptions->exceptionHandler(Object(CodeIgniter\Exceptions\FrameworkException))
#6 {main}
  thrown
【Previous Exception】
CodeIgniter\Exceptions\FrameworkException
The framework needs the following extension(s) installed and loaded: intl.
#0 H:\xampp743\htdocs\wdpf55_ci\ci_project1\system\CodeIgniter.php(252): CodeIgniter\Exceptions\FrameworkException::forMissingExtension('intl')
#1 H:\xampp743\htdocs\wdpf55_ci\ci_project1\system\CodeIgniter.php(214): CodeIgniter\CodeIgniter->resolvePlatformExtensions()
#2 H:\xampp743\htdocs\wdpf55_ci\ci_project1\spark(88): CodeIgniter\CodeIgniter->initialize()
#3 {main}
in SYSTEMPATH\I18n\TimeTrait.php on line 74.
 1 [internal function]: CodeIgniter\Debug\Exceptions->shutdownHandler()
CRITICAL - 2023-11-30 07:16:21 --> The framework needs the following extension(s) installed and loaded: intl.
in SYSTEMPATH\CodeIgniter.php on line 252.
 1 SYSTEMPATH\CodeIgniter.php(252): CodeIgniter\Exceptions\FrameworkException::forMissingExtension('intl')
 2 SYSTEMPATH\CodeIgniter.php(214): CodeIgniter\CodeIgniter->resolvePlatformExtensions()
 3 ROOTPATH\spark(88): CodeIgniter\CodeIgniter->initialize()
CRITICAL - 2023-11-30 07:16:21 --> Uncaught Error: Class 'Locale' not found in H:\xampp743\htdocs\wdpf55_ci\ci_project1\system\I18n\TimeTrait.php:74
Stack trace:
#0 H:\xampp743\htdocs\wdpf55_ci\ci_project1\system\I18n\TimeTrait.php(115): CodeIgniter\I18n\Time->__construct(NULL, NULL, NULL)
#1 H:\xampp743\htdocs\wdpf55_ci\ci_project1\system\HTTP\ResponseTrait.php(468): CodeIgniter\I18n\Time::now()
#2 H:\xampp743\htdocs\wdpf55_ci\ci_project1\system\HTTP\ResponseTrait.php(446): CodeIgniter\HTTP\Response->sendHeaders()
#3 H:\xampp743\htdocs\wdpf55_ci\ci_project1\system\Debug\ExceptionHandler.php(81): CodeIgniter\HTTP\Response->send()
#4 H:\xampp743\htdocs\wdpf55_ci\ci_project1\system\Debug\Exceptions.php(149): CodeIgniter\Debug\ExceptionHandler->handle(Object(CodeIgniter\Exceptions\FrameworkException), Object(CodeIgniter\HTTP\IncomingRequest), Object(CodeIgniter\HTTP\Response), 500, 1)
#5 [internal function]: CodeIgniter\Debug\Exceptions->exceptionHandler(Object(CodeIgniter\Exceptions\FrameworkException))
#6 {main}
  thrown
【Previous Exception】
CodeIgniter\Exceptions\FrameworkException
The framework needs the following extension(s) installed and loaded: intl.
#0 H:\xampp743\htdocs\wdpf55_ci\ci_project1\system\CodeIgniter.php(252): CodeIgniter\Exceptions\FrameworkException::forMissingExtension('intl')
#1 H:\xampp743\htdocs\wdpf55_ci\ci_project1\system\CodeIgniter.php(214): CodeIgniter\CodeIgniter->resolvePlatformExtensions()
#2 H:\xampp743\htdocs\wdpf55_ci\ci_project1\spark(88): CodeIgniter\CodeIgniter->initialize()
#3 {main}
in SYSTEMPATH\I18n\TimeTrait.php on line 74.
 1 [internal function]: CodeIgniter\Debug\Exceptions->shutdownHandler()
